MongoDB shell version: 3.2.22
connecting to: localhost:27887/admin
================================
MongoDB Config and Schema Report
getMongoData.js version 3.0.0
================================

** Shell version:
"3.2.22"

** Shell hostname:
"host1.example.com"

** db:
"admin"

** Server status info:
{
	"host" : "host1.example.com:27887",
	"advisoryHostFQDNs" : [
		"host2.example.com"
	],
	"version" : "3.2.22",
	"process" : "mongod",
	"pid" : NumberLong(5928),
	"uptime" : 3125866,
	"uptimeMillis" : NumberLong("3125866266"),
	"uptimeEstimate" : 3080291,
	"localTime" : ISODate("2021-09-23T19:59:39.950Z"),
	"asserts" : {
		"regular" : 0,
		"warning" : 0,
		"msg" : 0,
		"user" : 39,
		"rollovers" : 0
	},
	"connections" : {
		"current" : 1,
		"available" : 52427,
		"totalCreated" : NumberLong(22)
	},
	"extra_info" : {
		"note" : "fields vary by platform",
		"heap_usage_bytes" : 63402448,
		"page_faults" : 22
	},
	"globalLock" : {
		"totalTime" : NumberLong("3125866264000"),
		"currentQueue" : {
			"total" : 0,
			"readers" : 0,
			"writers" : 0
		},
		"activeClients" : {
			"total" : 16,
			"readers" : 0,
			"writers" : 0
		}
	},
	"locks" : {
		"Global" : {
			"acquireCount" : {
				"r" : NumberLong(20631099),
				"w" : NumberLong(61),
				"R" : NumberLong(1),
				"W" : NumberLong(5)
			},
			"acquireWaitCount" : {
				"w" : NumberLong(2),
				"W" : NumberLong(1)
			},
			"timeAcquiringMicros" : {
				"w" : NumberLong(10645),
				"W" : NumberLong(20)
			}
		},
		"Database" : {
			"acquireCount" : {
				"r" : NumberLong(10315428),
				"w" : NumberLong(8),
				"R" : NumberLong(88),
				"W" : NumberLong(53)
			},
			"acquireWaitCount" : {
				"r" : NumberLong(1),
				"W" : NumberLong(1)
			},
			"timeAcquiringMicros" : {
				"r" : NumberLong(8453),
				"W" : NumberLong(9)
			}
		},
		"Collection" : {
			"acquireCount" : {
				"r" : NumberLong(6668499),
				"w" : NumberLong(1),
				"W" : NumberLong(1)
			}
		},
		"Metadata" : {
			"acquireCount" : {
				"w" : NumberLong(6)
			}
		},
		"oplog" : {
			"acquireCount" : {
				"r" : NumberLong(3959461),
				"w" : NumberLong(7)
			}
		}
	},
	"network" : {
		"bytesIn" : NumberLong(91669),
		"bytesOut" : NumberLong(1799576),
		"numRequests" : NumberLong(802)
	},
	"opcounters" : {
		"insert" : 1,
		"query" : 27,
		"update" : 0,
		"delete" : 0,
		"getmore" : 0,
		"command" : 737
	},
	"opcountersRepl" : {
		"insert" : 0,
		"query" : 0,
		"update" : 0,
		"delete" : 0,
		"getmore" : 0,
		"command" : 0
	},
	"repl" : {
		"hosts" : [
			"host1.example.com:27887"
		],
		"setName" : "my-rs",
		"setVersion" : 1,
		"ismaster" : true,
		"secondary" : false,
		"primary" : "host1.example.com:27887",
		"me" : "host1.example.com:27887",
		"electionId" : ObjectId("7fffffff0000000000000001"),
		"rbid" : 1279865209
	},
	"storageEngine" : {
		"name" : "wiredTiger",
		"supportsCommittedReads" : true,
		"persistent" : true
	},
	"tcmalloc" : {
		"generic" : {
			"current_allocated_bytes" : 63403984,
			"heap_size" : 74113024
		},
		"tcmalloc" : {
			"pageheap_free_bytes" : 2859008,
			"pageheap_unmapped_bytes" : 245760,
			"max_total_thread_cache_bytes" : NumberLong(1073741824),
			"current_total_thread_cache_bytes" : 2718984,
			"total_free_bytes" : 7604272,
			"central_cache_free_bytes" : 887816,
			"transfer_cache_free_bytes" : 3997472,
			"thread_cache_free_bytes" : 2718984,
			"aggressive_memory_decommit" : 0,
			"pageheap_committed_bytes" : 73867264,
			"pageheap_scavenge_count" : 151,
			"pageheap_commit_count" : 473,
			"pageheap_total_commit_bytes" : 284762112,
			"pageheap_decommit_count" : 151,
			"pageheap_total_decommit_bytes" : 210894848,
			"pageheap_reserve_count" : 52,
			"pageheap_total_reserve_bytes" : 74113024,
			"spinlock_total_delay_ns" : 0,
			"formattedString" : "------------------------------------------------\nMALLOC:       63404432 (   60.5 MiB) Bytes in use by application\nMALLOC: +      2859008 (    2.7 MiB) Bytes in page heap freelist\nMALLOC: +       887816 (    0.8 MiB) Bytes in central cache freelist\nMALLOC: +      3997472 (    3.8 MiB) Bytes in transfer cache freelist\nMALLOC: +      2718536 (    2.6 MiB) Bytes in thread cache freelists\nMALLOC: +      1208536 (    1.2 MiB) Bytes in malloc metadata\nMALLOC:   ------------\nMALLOC: =     75075800 (   71.6 MiB) Actual memory used (physical + swap)\nMALLOC: +       245760 (    0.2 MiB) Bytes released to OS (aka unmapped)\nMALLOC:   ------------\nMALLOC: =     75321560 (   71.8 MiB) Virtual address space used\nMALLOC:\nMALLOC:            706              Spans in use\nMALLOC:             58              Thread heaps in use\nMALLOC:           8192              Tcmalloc page size\n------------------------------------------------\nCall ReleaseFreeMemory() to release freelist memory to the OS (via madvise()).\nBytes released to the OS take up virtual address space but no physical memory.\n"
		}
	},
	"wiredTiger" : {
		"uri" : "statistics:",
		"LSM" : {
			"application work units currently queued" : 0,
			"merge work units currently queued" : 0,
			"rows merged in an LSM tree" : 0,
			"sleep for LSM checkpoint throttle" : 0,
			"sleep for LSM merge throttle" : 0,
			"switch work units currently queued" : 0,
			"tree maintenance operations discarded" : 0,
			"tree maintenance operations executed" : 0,
			"tree maintenance operations scheduled" : 0,
			"tree queue hit maximum" : 0
		},
		"async" : {
			"current work queue length" : 0,
			"maximum work queue length" : 0,
			"number of allocation state races" : 0,
			"number of flush calls" : 0,
			"number of operation slots viewed for allocation" : 0,
			"number of times operation allocation failed" : 0,
			"number of times worker found no work" : 0,
			"total allocations" : 0,
			"total compact calls" : 0,
			"total insert calls" : 0,
			"total remove calls" : 0,
			"total search calls" : 0,
			"total update calls" : 0
		},
		"block-manager" : {
			"blocks pre-loaded" : 11,
			"blocks read" : 45,
			"blocks written" : 127,
			"bytes read" : 196608,
			"bytes written" : 712704,
			"bytes written for checkpoint" : 708608,
			"mapped blocks read" : 0,
			"mapped bytes read" : 0
		},
		"cache" : {
			"application threads page read from disk to cache count" : 9,
			"application threads page read from disk to cache time (usecs)" : 30,
			"application threads page write from cache to disk count" : 8,
			"application threads page write from cache to disk time (usecs)" : 295,
			"bytes belonging to page images in the cache" : 18255,
			"bytes currently in the cache" : 140732,
			"bytes not belonging to page images in the cache" : 122477,
			"bytes read into cache" : 16903,
			"bytes written from cache" : 245589,
			"checkpoint blocked page eviction" : 0,
			"eviction calls to get a page" : 14,
			"eviction calls to get a page found queue empty" : 14,
			"eviction calls to get a page found queue empty after locking" : 0,
			"eviction currently operating in aggressive mode" : 0,
			"eviction empty score" : 0,
			"eviction server candidate queue empty when topping up" : 0,
			"eviction server candidate queue not empty when topping up" : 0,
			"eviction server evicting pages" : 0,
			"eviction server slept, because we did not make progress with eviction" : 0,
			"eviction server unable to reach eviction goal" : 0,
			"eviction state" : 16,
			"eviction walks abandoned" : 0,
			"eviction worker thread active" : 0,
			"eviction worker thread created" : 0,
			"eviction worker thread evicting pages" : 0,
			"eviction worker thread removed" : 0,
			"eviction worker thread stable number" : 0,
			"failed eviction of pages that exceeded the in-memory maximum" : 0,
			"files with active eviction walks" : 0,
			"files with new eviction walks started" : 0,
			"force re-tuning of eviction workers once in a while" : 0,
			"hazard pointer blocked page eviction" : 0,
			"hazard pointer check calls" : 0,
			"hazard pointer check entries walked" : 0,
			"hazard pointer maximum array length" : 0,
			"in-memory page passed criteria to be split" : 0,
			"in-memory page splits" : 0,
			"internal pages evicted" : 0,
			"internal pages split during eviction" : 0,
			"leaf pages split during eviction" : 0,
			"lookaside table insert calls" : 0,
			"lookaside table remove calls" : 0,
			"maximum bytes configured" : 1073741824,
			"maximum page size at eviction" : 0,
			"modified pages evicted" : 2,
			"modified pages evicted by application threads" : 0,
			"overflow pages read into cache" : 0,
			"overflow values cached in memory" : 0,
			"page split during eviction deepened the tree" : 0,
			"page written requiring lookaside records" : 0,
			"pages currently held in the cache" : 44,
			"pages evicted because they exceeded the in-memory maximum" : 0,
			"pages evicted because they had chains of deleted items" : 0,
			"pages evicted by application threads" : 0,
			"pages queued for eviction" : 0,
			"pages queued for urgent eviction" : 0,
			"pages queued for urgent eviction during walk" : 0,
			"pages read into cache" : 21,
			"pages read into cache requiring lookaside entries" : 0,
			"pages requested from the cache" : 16622003,
			"pages seen by eviction walk" : 0,
			"pages selected for eviction unable to be evicted" : 0,
			"pages walked for eviction" : 0,
			"pages written from cache" : 69,
			"pages written requiring in-memory restoration" : 0,
			"percentage overhead" : 8,
			"tracked bytes belonging to internal pages in the cache" : 34984,
			"tracked bytes belonging to leaf pages in the cache" : 105748,
			"tracked dirty bytes in the cache" : 0,
			"tracked dirty pages in the cache" : 0,
			"unmodified pages evicted" : 0
		},
		"connection" : {
			"auto adjusting condition resets" : 55,
			"auto adjusting condition wait calls" : 18752236,
			"detected system time went backwards" : 0,
			"files currently open" : 26,
			"memory allocations" : 146935347,
			"memory frees" : 146933563,
			"memory re-allocations" : 53140929,
			"pthread mutex condition wait calls" : 50328414,
			"pthread mutex shared lock read-lock calls" : 25161562,
			"pthread mutex shared lock write-lock calls" : 3125373,
			"total fsync I/Os" : 113,
			"total read I/Os" : 1318,
			"total write I/Os" : 187
		},
		"cursor" : {
			"cursor create calls" : 123,
			"cursor insert calls" : 115,
			"cursor next calls" : 121,
			"cursor prev calls" : 25,
			"cursor remove calls" : 1,
			"cursor reset calls" : 16621933,
			"cursor restarted searches" : 0,
			"cursor search calls" : 19747797,
			"cursor search near calls" : 82,
			"cursor update calls" : 0,
			"truncate calls" : 0
		},
		"data-handle" : {
			"connection data handles currently active" : 23,
			"connection sweep candidate became referenced" : 0,
			"connection sweep dhandles closed" : 0,
			"connection sweep dhandles removed from hash list" : 14,
			"connection sweep time-of-death sets" : 34,
			"connection sweeps" : 312581,
			"session dhandles swept" : 9,
			"session sweep attempts" : 43
		},
		"lock" : {
			"checkpoint lock acquisitions" : 10,
			"checkpoint lock application thread wait time (usecs)" : 0,
			"checkpoint lock internal thread wait time (usecs)" : 3,
			"handle-list lock eviction thread wait time (usecs)" : 4633338,
			"metadata lock acquisitions" : 10,
			"metadata lock application thread wait time (usecs)" : 0,
			"metadata lock internal thread wait time (usecs)" : 2,
			"schema lock acquisitions" : 38,
			"schema lock application thread wait time (usecs)" : 0,
			"schema lock internal thread wait time (usecs)" : 0,
			"table lock acquisitions" : 0,
			"table lock application thread time waiting for the table lock (usecs)" : 0,
			"table lock internal thread time waiting for the table lock (usecs)" : 0
		},
		"log" : {
			"busy returns attempting to switch slots" : 0,
			"consolidated slot closures" : 34,
			"consolidated slot join active slot closed" : 0,
			"consolidated slot join races" : 0,
			"consolidated slot join transitions" : 34,
			"consolidated slot joins" : 91,
			"consolidated slot transitions unable to find free slot" : 0,
			"consolidated slot unbuffered writes" : 0,
			"log bytes of payload data" : 27564,
			"log bytes written" : 34560,
			"log files manually zero-filled" : 0,
			"log flush operations" : 31207927,
			"log force write operations" : 34333239,
			"log force write operations skipped" : 34333230,
			"log records compressed" : 35,
			"log records not compressed" : 25,
			"log records too small to compress" : 31,
			"log release advances write LSN" : 25,
			"log scan operations" : 5,
			"log scan records requiring two reads" : 0,
			"log server thread advances write LSN" : 9,
			"log server thread write LSN walk skipped" : 3126382,
			"log sync operations" : 34,
			"log sync time duration (usecs)" : 50872,
			"log sync_dir operations" : 1,
			"log sync_dir time duration (usecs)" : 2,
			"log write operations" : 91,
			"logging bytes consolidated" : 34176,
			"maximum log file size" : 104857600,
			"number of pre-allocated log files to create" : 2,
			"pre-allocated log files not ready and missed" : 1,
			"pre-allocated log files prepared" : 2,
			"pre-allocated log files used" : 0,
			"records processed by log scan" : 10,
			"total in-memory size of compressed records" : 44746,
			"total log buffer size" : 33554432,
			"total size of compressed records" : 21646,
			"written slots coalesced" : 0,
			"yields waiting for previous log file close" : 0
		},
		"reconciliation" : {
			"fast-path pages deleted" : 0,
			"page reconciliation calls" : 68,
			"page reconciliation calls for eviction" : 1,
			"pages deleted" : 0,
			"split bytes currently awaiting free" : 0,
			"split objects currently awaiting free" : 0
		},
		"session" : {
			"open cursor count" : 29,
			"open session count" : 18,
			"table alter failed calls" : 0,
			"table alter successful calls" : 0,
			"table alter unchanged and skipped" : 0,
			"table compact failed calls" : 0,
			"table compact successful calls" : 0,
			"table create failed calls" : 0,
			"table create successful calls" : 13,
			"table drop failed calls" : 0,
			"table drop successful calls" : 0,
			"table rebalance failed calls" : 0,
			"table rebalance successful calls" : 0,
			"table rename failed calls" : 0,
			"table rename successful calls" : 0,
			"table salvage failed calls" : 0,
			"table salvage successful calls" : 0,
			"table truncate failed calls" : 0,
			"table truncate successful calls" : 0,
			"table verify failed calls" : 0,
			"table verify successful calls" : 0
		},
		"thread-state" : {
			"active filesystem fsync calls" : 0,
			"active filesystem read calls" : 0,
			"active filesystem write calls" : 0
		},
		"thread-yield" : {
			"application thread time evicting (usecs)" : 0,
			"application thread time waiting for cache (usecs)" : 0,
			"page acquire busy blocked" : 0,
			"page acquire eviction blocked" : 0,
			"page acquire locked blocked" : 0,
			"page acquire read blocked" : 0,
			"page acquire time sleeping (usecs)" : 0
		},
		"transaction" : {
			"number of named snapshots created" : 0,
			"number of named snapshots dropped" : 0,
			"transaction begins" : 3282523,
			"transaction checkpoint currently running" : 0,
			"transaction checkpoint generation" : 10,
			"transaction checkpoint max time (msecs)" : 17,
			"transaction checkpoint min time (msecs)" : 3,
			"transaction checkpoint most recent time (msecs)" : 3,
			"transaction checkpoint scrub dirty target" : 0,
			"transaction checkpoint scrub time (msecs)" : 0,
			"transaction checkpoint total time (msecs)" : 79,
			"transaction checkpoints" : 10,
			"transaction checkpoints skipped because database was clean" : 52089,
			"transaction failures due to cache overflow" : 0,
			"transaction fsync calls for checkpoint after allocating the transaction ID" : 10,
			"transaction fsync duration for checkpoint after allocating the transaction ID (usecs)" : 0,
			"transaction range of IDs currently pinned" : 0,
			"transaction range of IDs currently pinned by a checkpoint" : 0,
			"transaction range of IDs currently pinned by named snapshots" : 0,
			"transaction sync calls" : 0,
			"transactions committed" : 23,
			"transactions rolled back" : 3282500
		},
		"concurrentTransactions" : {
			"write" : {
				"out" : 0,
				"available" : 128,
				"totalTickets" : 128
			},
			"read" : {
				"out" : 0,
				"available" : 128,
				"totalTickets" : 128
			}
		}
	},
	"writeBacksQueued" : false,
	"mem" : {
		"bits" : 64,
		"resident" : 52,
		"virtual" : 905,
		"supported" : true,
		"mapped" : 0,
		"mappedWithJournal" : 0
	},
	"metrics" : {
		"commands" : {
			"aggregate" : {
				"failed" : NumberLong(0),
				"total" : NumberLong(72)
			},
			"buildInfo" : {
				"failed" : NumberLong(0),
				"total" : NumberLong(20)
			},
			"collStats" : {
				"failed" : NumberLong(0),
				"total" : NumberLong(120)
			},
			"count" : {
				"failed" : NumberLong(0),
				"total" : NumberLong(12)
			},
			"createIndexes" : {
				"failed" : NumberLong(0),
				"total" : NumberLong(1)
			},
			"dbStats" : {
				"failed" : NumberLong(0),
				"total" : NumberLong(36)
			},
			"find" : {
				"failed" : NumberLong(0),
				"total" : NumberLong(26)
			},
			"getCmdLineOpts" : {
				"failed" : NumberLong(0),
				"total" : NumberLong(13)
			},
			"getLog" : {
				"failed" : NumberLong(0),
				"total" : NumberLong(5)
			},
			"getParameter" : {
				"failed" : NumberLong(0),
				"total" : NumberLong(1)
			},
			"hostInfo" : {
				"failed" : NumberLong(0),
				"total" : NumberLong(12)
			},
			"insert" : {
				"failed" : NumberLong(0),
				"total" : NumberLong(1)
			},
			"isMaster" : {
				"failed" : NumberLong(0),
				"total" : NumberLong(67)
			},
			"listCollections" : {
				"failed" : NumberLong(0),
				"total" : NumberLong(50)
			},
			"listDatabases" : {
				"failed" : NumberLong(0),
				"total" : NumberLong(15)
			},
			"listIndexes" : {
				"failed" : NumberLong(0),
				"total" : NumberLong(109)
			},
			"profile" : {
				"failed" : NumberLong(0),
				"total" : NumberLong(36)
			},
			"replSetGetConfig" : {
				"failed" : NumberLong(0),
				"total" : NumberLong(13)
			},
			"replSetGetStatus" : {
				"failed" : NumberLong(1),
				"total" : NumberLong(55)
			},
			"replSetInitiate" : {
				"failed" : NumberLong(0),
				"total" : NumberLong(1)
			},
			"saslContinue" : {
				"failed" : NumberLong(0),
				"total" : NumberLong(42)
			},
			"saslStart" : {
				"failed" : NumberLong(1),
				"total" : NumberLong(22)
			},
			"serverStatus" : {
				"failed" : NumberLong(0),
				"total" : NumberLong(13)
			},
			"whatsmyuri" : {
				"failed" : NumberLong(0),
				"total" : NumberLong(22)
			}
		},
		"cursor" : {
			"timedOut" : NumberLong(0),
			"open" : {
				"noTimeout" : NumberLong(0),
				"pinned" : NumberLong(0),
				"total" : NumberLong(0)
			}
		},
		"document" : {
			"deleted" : NumberLong(0),
			"inserted" : NumberLong(2),
			"returned" : NumberLong(25),
			"updated" : NumberLong(0)
		},
		"getLastError" : {
			"wtime" : {
				"num" : 0,
				"totalMillis" : 0
			},
			"wtimeouts" : NumberLong(0)
		},
		"operation" : {
			"fastmod" : NumberLong(0),
			"idhack" : NumberLong(0),
			"scanAndOrder" : NumberLong(0),
			"writeConflicts" : NumberLong(0)
		},
		"queryExecutor" : {
			"scanned" : NumberLong(0),
			"scannedObjects" : NumberLong(25)
		},
		"record" : {
			"moves" : NumberLong(0)
		},
		"repl" : {
			"executor" : {
				"counters" : {
					"eventCreated" : 7,
					"eventWait" : 7,
					"cancels" : 2,
					"waits" : 6251782,
					"scheduledNetCmd" : 0,
					"scheduledDBWork" : 1,
					"scheduledXclWork" : 0,
					"scheduledWorkAt" : 2,
					"scheduledWork" : 6251786,
					"schedulingFailures" : 0
				},
				"queues" : {
					"networkInProgress" : 0,
					"dbWorkInProgress" : 0,
					"exclusiveInProgress" : 0,
					"sleepers" : 0,
					"ready" : 0,
					"free" : 3
				},
				"unsignaledEvents" : 0,
				"eventWaiters" : 0,
				"shuttingDown" : false,
				"networkInterface" : "NetworkInterfaceASIO inShutdown: 0"
			},
			"apply" : {
				"attemptsToBecomeSecondary" : NumberLong(1),
				"batches" : {
					"num" : 0,
					"totalMillis" : 0
				},
				"ops" : NumberLong(0)
			},
			"buffer" : {
				"count" : NumberLong(0),
				"maxSizeBytes" : 268435456,
				"sizeBytes" : NumberLong(0)
			},
			"network" : {
				"bytes" : NumberLong(0),
				"getmores" : {
					"num" : 0,
					"totalMillis" : 0
				},
				"ops" : NumberLong(0),
				"readersCreated" : NumberLong(1)
			},
			"preload" : {
				"docs" : {
					"num" : 0,
					"totalMillis" : 0
				},
				"indexes" : {
					"num" : 0,
					"totalMillis" : 0
				}
			}
		},
		"storage" : {
			"freelist" : {
				"search" : {
					"bucketExhausted" : NumberLong(0),
					"requests" : NumberLong(0),
					"scanned" : NumberLong(0)
				}
			}
		},
		"ttl" : {
			"deletedDocuments" : NumberLong(0),
			"passes" : NumberLong(52096)
		}
	},
	"ok" : 1
}

** Host info:
{
	"system" : {
		"currentTime" : ISODate("2021-09-23T19:59:39.959Z"),
		"hostname" : "host1.example.com:27887",
		"cpuAddrSize" : 64,
		"memSizeMB" : 983,
		"numCores" : 1,
		"cpuArch" : "x86_64",
		"numaEnabled" : false
	},
	"os" : {
		"type" : "Linux",
		"name" : "Amazon Linux release 2 (Karoo)",
		"version" : "Kernel 4.14.238-182.422.amzn2.x86_64"
	},
	"extra" : {
		"versionString" : "Linux version 4.14.238-182.422.amzn2.x86_64 (mockbuild@ip-10-0-1-132) (gcc version 7.3.1 20180712 (Red Hat 7.3.1-13) (GCC)) #1 SMP Tue Jul 20 20:35:54 UTC 2021",
		"libcVersion" : "2.26",
		"kernelVersion" : "4.14.238-182.422.amzn2.x86_64",
		"cpuFrequencyMHz" : "2400.042",
		"cpuFeatures" : "fpu vme de pse tsc msr pae mce cx8 apic sep mtrr pge mca cmov pat pse36 clflush mmx fxsr sse sse2 ht syscall nx rdtscp lm constant_tsc rep_good nopl xtopology cpuid pni pclmulqdq ssse3 fma cx16 pcid sse4_1 sse4_2 x2apic movbe popcnt tsc_deadline_timer aes xsave avx f16c rdrand hypervisor lahf_lm abm cpuid_fault invpcid_single pti fsgsbase bmi1 avx2 smep bmi2 erms invpcid xsaveopt",
		"pageSize" : NumberLong(4096),
		"numPages" : 251723,
		"maxOpenFiles" : 65535
	},
	"ok" : 1
}

** Command line info:
{
	"argv" : [
		"mongodb-linux-x86_64-amazon-3.2.22/bin/mongod",
		"--dbpath",
		"/home/my-user/mongodb/dbpath/",
		"--logpath",
		"/home/my-user/mongodb/logpath/mongodb.log",
		"--fork",
		"--port",
		"27887",
		"--auth",
		"--replSet",
		"my-rs"
	],
	"parsed" : {
		"net" : {
			"port" : 27887
		},
		"processManagement" : {
			"fork" : true
		},
		"replication" : {
			"replSet" : "my-rs"
		},
		"security" : {
			"authorization" : "enabled"
		},
		"storage" : {
			"dbPath" : "/home/my-user/mongodb/dbpath/"
		},
		"systemLog" : {
			"destination" : "file",
			"path" : "/home/my-user/mongodb/logpath/mongodb.log"
		}
	},
	"ok" : 1
}

** Server build info:
{
	"version" : "3.2.22",
	"gitVersion" : "105acca0d443f9a47c1a5bd608fd7133840a58dd",
	"modules" : [ ],
	"allocator" : "tcmalloc",
	"javascriptEngine" : "mozjs",
	"sysInfo" : "deprecated",
	"versionArray" : [
		3,
		2,
		22,
		0
	],
	"openssl" : {
		"running" : "OpenSSL 1.0.0-fips 29 Mar 2010",
		"compiled" : "OpenSSL 1.0.1e-fips 11 Feb 2013"
	},
	"buildEnvironment" : {
		"distmod" : "amazon",
		"distarch" : "x86_64",
		"cc" : "/opt/mongodbtoolchain/bin/gcc: gcc (GCC) 4.8.2",
		"ccflags" : "-fno-omit-frame-pointer -fPIC -fno-strict-aliasing -ggdb -pthread -Wall -Wsign-compare -Wno-unknown-pragmas -Winvalid-pch -Werror -O2 -Wno-unused-local-typedefs -Wno-unused-function -Wno-deprecated-declarations -Wno-unused-but-set-variable -Wno-missing-braces -fno-builtin-memcmp",
		"cxx" : "/opt/mongodbtoolchain/bin/g++: g++ (GCC) 4.8.2",
		"cxxflags" : "-Wnon-virtual-dtor -Woverloaded-virtual -Wno-maybe-uninitialized -std=c++11",
		"linkflags" : "-fPIC -pthread -Wl,-z,now -rdynamic -fuse-ld=gold -Wl,-z,noexecstack -Wl,--warn-execstack",
		"target_arch" : "x86_64",
		"target_os" : "linux"
	},
	"bits" : 64,
	"debug" : false,
	"maxBsonObjectSize" : 16777216,
	"storageEngines" : [
		"devnull",
		"ephemeralForTest",
		"mmapv1",
		"wiredTiger"
	],
	"ok" : 1
}

** Server parameters:
{
	"ShardingTaskExecutorPoolHostTimeoutMS" : -1,
	"ShardingTaskExecutorPoolMaxConnecting" : -1,
	"ShardingTaskExecutorPoolMaxSize" : -1,
	"ShardingTaskExecutorPoolMinSize" : 1,
	"ShardingTaskExecutorPoolRefreshRequirementMS" : -1,
	"ShardingTaskExecutorPoolRefreshTimeoutMS" : -1,
	"allowUnsafeRenamesDuringInitialSync" : false,
	"authSchemaVersion" : 5,
	"authenticationMechanisms" : [
		"MONGODB-CR",
		"MONGODB-X509",
		"SCRAM-SHA-1"
	],
	"clusterAuthMode" : "undefined",
	"connPoolMaxConnsPerHost" : 200,
	"connPoolMaxShardedConnsPerHost" : 200,
	"cursorTimeoutMillis" : 600000,
	"diagnosticDataCollectionDirectorySizeMB" : 200,
	"diagnosticDataCollectionEnabled" : true,
	"diagnosticDataCollectionFileSizeMB" : 10,
	"diagnosticDataCollectionPeriodMillis" : 1000,
	"diagnosticDataCollectionSamplesPerChunk" : 300,
	"diagnosticDataCollectionSamplesPerInterimUpdate" : 10,
	"disableJavaScriptJIT" : false,
	"disableNonSSLConnectionLogging" : false,
	"enableCollectionLocking" : true,
	"enableLocalhostAuthBypass" : true,
	"enableReplSnapshotThread" : false,
	"enableTestCommands" : false,
	"failIndexKeyTooLong" : true,
	"heapProfilingEnabled" : false,
	"heapProfilingSampleIntervalBytes" : NumberLong(262144),
	"internalAggregationLookupBatchSize" : 101,
	"internalGeoNearQuery2DMaxCoveringCells" : 16,
	"internalGeoPredicateQuery2DMaxCoveringCells" : 16,
	"internalQueryCacheEvictionRatio" : 10,
	"internalQueryCacheFeedbacksStored" : 20,
	"internalQueryCacheSize" : 5000,
	"internalQueryEnumerationMaxIntersectPerAnd" : 3,
	"internalQueryEnumerationMaxOrSolutions" : 10,
	"internalQueryExecMaxBlockingSortBytes" : 33554432,
	"internalQueryExecYieldIterations" : 128,
	"internalQueryExecYieldPeriodMS" : 10,
	"internalQueryForceIntersectionPlans" : false,
	"internalQueryMaxScansToExplode" : 200,
	"internalQueryPlanEvaluationCollFraction" : 0.3,
	"internalQueryPlanEvaluationMaxResults" : 101,
	"internalQueryPlanEvaluationWorks" : 10000,
	"internalQueryPlanOrChildrenIndependently" : true,
	"internalQueryPlannerEnableHashIntersection" : false,
	"internalQueryPlannerEnableIndexIntersection" : true,
	"internalQueryPlannerMaxIndexedSolutions" : 64,
	"internalQueryS2GeoCoarsestLevel" : 0,
	"internalQueryS2GeoFinestLevel" : 23,
	"internalQueryS2GeoMaxCells" : 20,
	"internalSCCAllowFastestAuthConfigReads" : false,
	"internalSCCAllowFastestMetadataConfigReads" : false,
	"javascriptProtection" : false,
	"journalCommitInterval" : 0,
	"logComponentVerbosity" : {
		"verbosity" : 0,
		"accessControl" : {
			"verbosity" : -1
		},
		"command" : {
			"verbosity" : -1
		},
		"control" : {
			"verbosity" : -1
		},
		"executor" : {
			"verbosity" : -1
		},
		"geo" : {
			"verbosity" : -1
		},
		"index" : {
			"verbosity" : -1
		},
		"network" : {
			"verbosity" : -1,
			"asio" : {
				"verbosity" : -1
			},
			"bridge" : {
				"verbosity" : -1
			}
		},
		"query" : {
			"verbosity" : -1
		},
		"replication" : {
			"verbosity" : -1
		},
		"sharding" : {
			"verbosity" : -1
		},
		"storage" : {
			"verbosity" : -1,
			"journal" : {
				"verbosity" : -1
			}
		},
		"write" : {
			"verbosity" : -1
		},
		"ftdc" : {
			"verbosity" : -1
		}
	},
	"logLevel" : 0,
	"logUserIds" : false,
	"maxIndexBuildMemoryUsageMegabytes" : 500,
	"maxSyncSourceLagSecs" : 30,
	"newCollectionsUsePowerOf2Sizes" : true,
	"notablescan" : false,
	"opensslCipherConfig" : "",
	"priorityTakeoverFreshnessWindowSeconds" : 2,
	"queueForMigrationCommit" : true,
	"quiet" : false,
	"recoverShardingState" : true,
	"replApplyBatchSize" : 1,
	"replElectionTimeoutOffsetLimitFraction" : 0.15,
	"replIndexPrefetch" : "all",
	"replMonitorMaxFailedChecks" : 30,
	"replSnapshotThreadThrottleMicros" : 1000,
	"replWriterThreadCount" : 16,
	"saslHostName" : "host1.example.com",
	"saslServiceName" : "mongodb",
	"saslauthdPath" : "",
	"scramIterationCount" : 10000,
	"scriptingEngineInterruptIntervalMS" : 1000,
	"skipCorruptDocumentsWhenCloning" : false,
	"skipShardingConfigurationChecks" : false,
	"sslMode" : "disabled",
	"startupAuthSchemaValidation" : true,
	"syncdelay" : 60,
	"taskExecutorPoolSize" : 0,
	"tcmallocAggressiveMemoryDecommit" : 0,
	"tcmallocEnableMarkThreadIdle" : true,
	"tcmallocMaxTotalThreadCacheBytes" : NumberLong(1073741824),
	"testingSnapshotBehaviorInIsolation" : false,
	"textSearchEnabled" : true,
	"timeOutMonitoringReplicaSets" : false,
	"traceExceptions" : false,
	"traceWriteConflictExceptions" : false,
	"ttlMonitorEnabled" : true,
	"ttlMonitorSleepSecs" : 60,
	"wiredTigerConcurrentReadTransactions" : 128,
	"wiredTigerConcurrentWriteTransactions" : 128,
	"wiredTigerEngineRuntimeConfig" : "",
	"ok" : 1
}

** isMaster:
{
	"hosts" : [
		"host1.example.com:27887"
	],
	"setName" : "my-rs",
	"setVersion" : 1,
	"ismaster" : true,
	"secondary" : false,
	"primary" : "host1.example.com:27887",
	"me" : "host1.example.com:27887",
	"electionId" : ObjectId("7fffffff0000000000000001"),
	"maxBsonObjectSize" : 16777216,
	"maxMessageSizeBytes" : 48000000,
	"maxWriteBatchSize" : 1000,
	"localTime" : ISODate("2021-09-23T19:59:39.962Z"),
	"maxWireVersion" : 4,
	"minWireVersion" : 0,
	"ok" : 1
}

** Connected to PRIMARY

** Replica set config:
{
	"_id" : "my-rs",
	"version" : 1,
	"protocolVersion" : NumberLong(1),
	"members" : [
		{
			"_id" : 0,
			"host" : "host1.example.com:27887",
			"arbiterOnly" : false,
			"buildIndexes" : true,
			"hidden" : false,
			"priority" : 1,
			"tags" : {
				
			},
			"slaveDelay" : NumberLong(0),
			"votes" : 1
		}
	],
	"settings" : {
		"chainingAllowed" : true,
		"heartbeatIntervalMillis" : 2000,
		"heartbeatTimeoutSecs" : 10,
		"electionTimeoutMillis" : 10000,
		"getLastErrorModes" : {
			
		},
		"getLastErrorDefaults" : {
			"w" : 1,
			"wtimeout" : 0
		},
		"replicaSetId" : ObjectId("611d2a98f5f9fceb6b1114b0")
	}
}

** Replica status:
{
	"set" : "my-rs",
	"date" : ISODate("2021-09-23T19:59:39.963Z"),
	"myState" : 1,
	"term" : NumberLong(1),
	"heartbeatIntervalMillis" : NumberLong(2000),
	"members" : [
		{
			"_id" : 0,
			"name" : "host1.example.com:27887",
			"health" : 1,
			"state" : 1,
			"stateStr" : "PRIMARY",
			"uptime" : 3125866,
			"optime" : {
				"ts" : Timestamp(1629301991, 1),
				"t" : NumberLong(1)
			},
			"optimeDate" : ISODate("2021-08-18T15:53:11Z"),
			"electionTime" : Timestamp(1629301400, 2),
			"electionDate" : ISODate("2021-08-18T15:43:20Z"),
			"configVersion" : 1,
			"self" : true
		}
	],
	"ok" : 1
}

** Replica info:
{
	"logSizeMB" : 990,
	"usedMB" : 0.01,
	"timeDiff" : 591,
	"timeDiffHours" : 0.16,
	"tFirst" : "Wed Aug 18 2021 15:43:20 GMT+0000 (UTC)",
	"tLast" : "Wed Aug 18 2021 15:53:11 GMT+0000 (UTC)",
	"now" : "Thu Sep 23 2021 19:59:39 GMT+0000 (UTC)"
}

** Replica slave info:
{ "output" : [ ], "result" : undefined }

** List of databases:
{
	"databases" : [
		{
			"name" : "admin",
			"sizeOnDisk" : 81920,
			"empty" : false
		},
		{
			"name" : "local",
			"sizeOnDisk" : 233472,
			"empty" : false
		},
		{
			"name" : "my-db",
			"sizeOnDisk" : 49152,
			"empty" : false
		}
	],
	"totalSize" : 364544,
	"ok" : 1
}

** List of collections for database 'admin':
[ "system.users", "system.version" ]

** Database stats (MB):
{
	"db" : "admin",
	"collections" : 2,
	"objects" : 2,
	"avgObjSize" : 163.5,
	"dataSize" : 0.00031185150146484375,
	"storageSize" : 0.03125,
	"numExtents" : 0,
	"indexes" : 3,
	"indexSize" : 0.046875,
	"ok" : 1
}

** Database profiler:
{ "was" : 0, "slowms" : 100 }

** Collection stats (MB):
{
	"ns" : "admin.system.users",
	"count" : 1,
	"size" : 0,
	"avgObjSize" : 282,
	"storageSize" : 0,
	"capped" : false,
	"wiredTiger" : {
		"metadata" : {
			"formatVersion" : 1
		},
		"creationString" : "access_pattern_hint=none,allocation_size=4KB,app_metadata=(formatVersion=1),block_allocation=best,block_compressor=snappy,cache_resident=false,checksum=on,colgroups=,collator=,columns=,dictionary=0,encryption=(keyid=,name=),exclusive=false,extractor=,format=btree,huffman_key=,huffman_value=,ignore_in_memory_cache_size=false,immutable=false,internal_item_max=0,internal_key_max=0,internal_key_truncate=true,internal_page_max=4KB,key_format=q,key_gap=10,leaf_item_max=0,leaf_key_max=0,leaf_page_max=32KB,leaf_value_max=64MB,log=(enabled=true),lsm=(auto_throttle=true,bloom=true,bloom_bit_count=16,bloom_config=,bloom_hash_count=8,bloom_oldest=false,chunk_count_limit=0,chunk_max=5GB,chunk_size=10MB,merge_max=15,merge_min=0),memory_page_max=10m,os_cache_dirty_max=0,os_cache_max=0,prefix_compression=false,prefix_compression_min=4,source=,split_deepen_min_child=0,split_deepen_per_child=0,split_pct=90,type=file,value_format=u",
		"type" : "file",
		"uri" : "statistics:table:collection-4--7948011220576263657",
		"LSM" : {
			"bloom filter false positives" : 0,
			"bloom filter hits" : 0,
			"bloom filter misses" : 0,
			"bloom filter pages evicted from cache" : 0,
			"bloom filter pages read into cache" : 0,
			"bloom filters in the LSM tree" : 0,
			"chunks in the LSM tree" : 0,
			"highest merge generation in the LSM tree" : 0,
			"queries that could have benefited from a Bloom filter that did not exist" : 0,
			"sleep for LSM checkpoint throttle" : 0,
			"sleep for LSM merge throttle" : 0,
			"total size of bloom filters" : 0
		},
		"block-manager" : {
			"allocations requiring file extension" : 0,
			"blocks allocated" : 0,
			"blocks freed" : 0,
			"checkpoint size" : 4096,
			"file allocation unit size" : 4096,
			"file bytes available for reuse" : 0,
			"file magic number" : 120897,
			"file major version number" : 1,
			"file size in bytes" : 16384,
			"minor version number" : 0
		},
		"btree" : {
			"btree checkpoint generation" : 10,
			"column-store fixed-size leaf pages" : 0,
			"column-store internal pages" : 0,
			"column-store variable-size RLE encoded values" : 0,
			"column-store variable-size deleted values" : 0,
			"column-store variable-size leaf pages" : 0,
			"fixed-record size" : 0,
			"maximum internal page key size" : 368,
			"maximum internal page size" : 4096,
			"maximum leaf page key size" : 2867,
			"maximum leaf page size" : 32768,
			"maximum leaf page value size" : 67108864,
			"maximum tree depth" : 3,
			"number of key/value pairs" : 0,
			"overflow pages" : 0,
			"pages rewritten by compaction" : 0,
			"row-store internal pages" : 0,
			"row-store leaf pages" : 0
		},
		"cache" : {
			"bytes currently in the cache" : 650,
			"bytes read into cache" : 378,
			"bytes written from cache" : 0,
			"checkpoint blocked page eviction" : 0,
			"data source pages selected for eviction unable to be evicted" : 0,
			"hazard pointer blocked page eviction" : 0,
			"in-memory page passed criteria to be split" : 0,
			"in-memory page splits" : 0,
			"internal pages evicted" : 0,
			"internal pages split during eviction" : 0,
			"leaf pages split during eviction" : 0,
			"modified pages evicted" : 0,
			"overflow pages read into cache" : 0,
			"overflow values cached in memory" : 0,
			"page split during eviction deepened the tree" : 0,
			"page written requiring lookaside records" : 0,
			"pages read into cache" : 2,
			"pages read into cache requiring lookaside entries" : 0,
			"pages requested from the cache" : 83,
			"pages written from cache" : 0,
			"pages written requiring in-memory restoration" : 0,
			"tracked dirty bytes in the cache" : 0,
			"unmodified pages evicted" : 0
		},
		"cache_walk" : {
			"Average difference between current eviction generation when the page was last considered" : 0,
			"Average on-disk page image size seen" : 0,
			"Clean pages currently in cache" : 0,
			"Current eviction generation" : 0,
			"Dirty pages currently in cache" : 0,
			"Entries in the root page" : 0,
			"Internal pages currently in cache" : 0,
			"Leaf pages currently in cache" : 0,
			"Maximum difference between current eviction generation when the page was last considered" : 0,
			"Maximum page size seen" : 0,
			"Minimum on-disk page image size seen" : 0,
			"On-disk page image sizes smaller than a single allocation unit" : 0,
			"Pages created in memory and never written" : 0,
			"Pages currently queued for eviction" : 0,
			"Pages that could not be queued for eviction" : 0,
			"Refs skipped during cache traversal" : 0,
			"Size of the root page" : 0,
			"Total number of pages currently in cache" : 0
		},
		"compression" : {
			"compressed pages read" : 0,
			"compressed pages written" : 0,
			"page written failed to compress" : 0,
			"page written was too small to compress" : 0,
			"raw compression call failed, additional data available" : 0,
			"raw compression call failed, no additional data available" : 0,
			"raw compression call succeeded" : 0
		},
		"cursor" : {
			"bulk-loaded cursor-insert calls" : 0,
			"create calls" : 2,
			"cursor-insert key and value bytes inserted" : 0,
			"cursor-remove key bytes removed" : 0,
			"cursor-update value bytes updated" : 0,
			"insert calls" : 0,
			"next calls" : 1,
			"prev calls" : 1,
			"remove calls" : 0,
			"reset calls" : 83,
			"restarted searches" : 0,
			"search calls" : 81,
			"search near calls" : 0,
			"truncate calls" : 0,
			"update calls" : 0
		},
		"reconciliation" : {
			"dictionary matches" : 0,
			"fast-path pages deleted" : 0,
			"internal page key bytes discarded using suffix compression" : 0,
			"internal page multi-block writes" : 0,
			"internal-page overflow keys" : 0,
			"leaf page key bytes discarded using prefix compression" : 0,
			"leaf page multi-block writes" : 0,
			"leaf-page overflow keys" : 0,
			"maximum blocks required for a page" : 0,
			"overflow values written" : 0,
			"page checksum matches" : 0,
			"page reconciliation calls" : 0,
			"page reconciliation calls for eviction" : 0,
			"pages deleted" : 0
		},
		"session" : {
			"object compaction" : 0,
			"open cursor count" : 1
		},
		"transaction" : {
			"update conflicts" : 0
		}
	},
	"nindexes" : 2,
	"totalIndexSize" : 0,
	"indexSizes" : {
		"_id_" : 0,
		"user_1_db_1" : 0
	},
	"ok" : 1
}

** Indexes:
[
	{
		"v" : 1,
		"key" : {
			"_id" : 1
		},
		"name" : "_id_",
		"ns" : "admin.system.users"
	},
	{
		"v" : 1,
		"unique" : true,
		"key" : {
			"user" : 1,
			"db" : 1
		},
		"name" : "user_1_db_1",
		"ns" : "admin.system.users"
	}
]

** Index Stats:
{
	"ok" : 0,
	"errmsg" : "not authorized on admin to execute command { aggregate: \"system.users\", pipeline: [ { $indexStats: {} }, { $group: { _id: \"$key\", stats: { $push: { accesses: \"$accesses.ops\", host: \"$host\", since: \"$accesses.since\" } } } }, { $project: { key: \"$_id\", stats: 1.0, _id: 0.0 } } ], cursor: {} }",
	"code" : 13
}

** Collection stats (MB):
{
	"ns" : "admin.system.version",
	"count" : 1,
	"size" : 0,
	"avgObjSize" : 45,
	"storageSize" : 0,
	"capped" : false,
	"wiredTiger" : {
		"metadata" : {
			"formatVersion" : 1
		},
		"creationString" : "access_pattern_hint=none,allocation_size=4KB,app_metadata=(formatVersion=1),block_allocation=best,block_compressor=snappy,cache_resident=false,checksum=on,colgroups=,collator=,columns=,dictionary=0,encryption=(keyid=,name=),exclusive=false,extractor=,format=btree,huffman_key=,huffman_value=,ignore_in_memory_cache_size=false,immutable=false,internal_item_max=0,internal_key_max=0,internal_key_truncate=true,internal_page_max=4KB,key_format=q,key_gap=10,leaf_item_max=0,leaf_key_max=0,leaf_page_max=32KB,leaf_value_max=64MB,log=(enabled=true),lsm=(auto_throttle=true,bloom=true,bloom_bit_count=16,bloom_config=,bloom_hash_count=8,bloom_oldest=false,chunk_count_limit=0,chunk_max=5GB,chunk_size=10MB,merge_max=15,merge_min=0),memory_page_max=10m,os_cache_dirty_max=0,os_cache_max=0,prefix_compression=false,prefix_compression_min=4,source=,split_deepen_min_child=0,split_deepen_per_child=0,split_pct=90,type=file,value_format=u",
		"type" : "file",
		"uri" : "statistics:table:collection-2--7948011220576263657",
		"LSM" : {
			"bloom filter false positives" : 0,
			"bloom filter hits" : 0,
			"bloom filter misses" : 0,
			"bloom filter pages evicted from cache" : 0,
			"bloom filter pages read into cache" : 0,
			"bloom filters in the LSM tree" : 0,
			"chunks in the LSM tree" : 0,
			"highest merge generation in the LSM tree" : 0,
			"queries that could have benefited from a Bloom filter that did not exist" : 0,
			"sleep for LSM checkpoint throttle" : 0,
			"sleep for LSM merge throttle" : 0,
			"total size of bloom filters" : 0
		},
		"block-manager" : {
			"allocations requiring file extension" : 0,
			"blocks allocated" : 0,
			"blocks freed" : 0,
			"checkpoint size" : 4096,
			"file allocation unit size" : 4096,
			"file bytes available for reuse" : 0,
			"file magic number" : 120897,
			"file major version number" : 1,
			"file size in bytes" : 16384,
			"minor version number" : 0
		},
		"btree" : {
			"btree checkpoint generation" : 10,
			"column-store fixed-size leaf pages" : 0,
			"column-store internal pages" : 0,
			"column-store variable-size RLE encoded values" : 0,
			"column-store variable-size deleted values" : 0,
			"column-store variable-size leaf pages" : 0,
			"fixed-record size" : 0,
			"maximum internal page key size" : 368,
			"maximum internal page size" : 4096,
			"maximum leaf page key size" : 2867,
			"maximum leaf page size" : 32768,
			"maximum leaf page value size" : 67108864,
			"maximum tree depth" : 3,
			"number of key/value pairs" : 0,
			"overflow pages" : 0,
			"pages rewritten by compaction" : 0,
			"row-store internal pages" : 0,
			"row-store leaf pages" : 0
		},
		"cache" : {
			"bytes currently in the cache" : 392,
			"bytes read into cache" : 139,
			"bytes written from cache" : 0,
			"checkpoint blocked page eviction" : 0,
			"data source pages selected for eviction unable to be evicted" : 0,
			"hazard pointer blocked page eviction" : 0,
			"in-memory page passed criteria to be split" : 0,
			"in-memory page splits" : 0,
			"internal pages evicted" : 0,
			"internal pages split during eviction" : 0,
			"leaf pages split during eviction" : 0,
			"modified pages evicted" : 0,
			"overflow pages read into cache" : 0,
			"overflow values cached in memory" : 0,
			"page split during eviction deepened the tree" : 0,
			"page written requiring lookaside records" : 0,
			"pages read into cache" : 2,
			"pages read into cache requiring lookaside entries" : 0,
			"pages requested from the cache" : 3,
			"pages written from cache" : 0,
			"pages written requiring in-memory restoration" : 0,
			"tracked dirty bytes in the cache" : 0,
			"unmodified pages evicted" : 0
		},
		"cache_walk" : {
			"Average difference between current eviction generation when the page was last considered" : 0,
			"Average on-disk page image size seen" : 0,
			"Clean pages currently in cache" : 0,
			"Current eviction generation" : 0,
			"Dirty pages currently in cache" : 0,
			"Entries in the root page" : 0,
			"Internal pages currently in cache" : 0,
			"Leaf pages currently in cache" : 0,
			"Maximum difference between current eviction generation when the page was last considered" : 0,
			"Maximum page size seen" : 0,
			"Minimum on-disk page image size seen" : 0,
			"On-disk page image sizes smaller than a single allocation unit" : 0,
			"Pages created in memory and never written" : 0,
			"Pages currently queued for eviction" : 0,
			"Pages that could not be queued for eviction" : 0,
			"Refs skipped during cache traversal" : 0,
			"Size of the root page" : 0,
			"Total number of pages currently in cache" : 0
		},
		"compression" : {
			"compressed pages read" : 0,
			"compressed pages written" : 0,
			"page written failed to compress" : 0,
			"page written was too small to compress" : 0,
			"raw compression call failed, additional data available" : 0,
			"raw compression call failed, no additional data available" : 0,
			"raw compression call succeeded" : 0
		},
		"cursor" : {
			"bulk-loaded cursor-insert calls" : 0,
			"create calls" : 1,
			"cursor-insert key and value bytes inserted" : 0,
			"cursor-remove key bytes removed" : 0,
			"cursor-update value bytes updated" : 0,
			"insert calls" : 0,
			"next calls" : 0,
			"prev calls" : 1,
			"remove calls" : 0,
			"reset calls" : 3,
			"restarted searches" : 0,
			"search calls" : 2,
			"search near calls" : 0,
			"truncate calls" : 0,
			"update calls" : 0
		},
		"reconciliation" : {
			"dictionary matches" : 0,
			"fast-path pages deleted" : 0,
			"internal page key bytes discarded using suffix compression" : 0,
			"internal page multi-block writes" : 0,
			"internal-page overflow keys" : 0,
			"leaf page key bytes discarded using prefix compression" : 0,
			"leaf page multi-block writes" : 0,
			"leaf-page overflow keys" : 0,
			"maximum blocks required for a page" : 0,
			"overflow values written" : 0,
			"page checksum matches" : 0,
			"page reconciliation calls" : 0,
			"page reconciliation calls for eviction" : 0,
			"pages deleted" : 0
		},
		"session" : {
			"object compaction" : 0,
			"open cursor count" : 0
		},
		"transaction" : {
			"update conflicts" : 0
		}
	},
	"nindexes" : 1,
	"totalIndexSize" : 0,
	"indexSizes" : {
		"_id_" : 0
	},
	"ok" : 1
}

** Indexes:
[
	{
		"v" : 1,
		"key" : {
			"_id" : 1
		},
		"name" : "_id_",
		"ns" : "admin.system.version"
	}
]

** Index Stats:
{
	"ok" : 0,
	"errmsg" : "not authorized on admin to execute command { aggregate: \"system.version\", pipeline: [ { $indexStats: {} }, { $group: { _id: \"$key\", stats: { $push: { accesses: \"$accesses.ops\", host: \"$host\", since: \"$accesses.since\" } } } }, { $project: { key: \"$_id\", stats: 1.0, _id: 0.0 } } ], cursor: {} }",
	"code" : 13
}

** List of collections for database 'local':
[
	"me",
	"oplog.rs",
	"replset.election",
	"replset.minvalid",
	"startup_log",
	"system.replset"
]

** Database stats (MB):
{
	"db" : "local",
	"collections" : 6,
	"objects" : 11,
	"avgObjSize" : 401.54545454545456,
	"dataSize" : 0.004212379455566406,
	"storageSize" : 0.12890625,
	"numExtents" : 0,
	"indexes" : 5,
	"indexSize" : 0.09375,
	"ok" : 1
}

** Database profiler:
{ "was" : 0, "slowms" : 100 }

** Collection stats (MB):
{
	"ns" : "local.me",
	"count" : 1,
	"size" : 0,
	"avgObjSize" : 74,
	"storageSize" : 0,
	"capped" : false,
	"wiredTiger" : {
		"metadata" : {
			"formatVersion" : 1
		},
		"creationString" : "access_pattern_hint=none,allocation_size=4KB,app_metadata=(formatVersion=1),block_allocation=best,block_compressor=snappy,cache_resident=false,checksum=on,colgroups=,collator=,columns=,dictionary=0,encryption=(keyid=,name=),exclusive=false,extractor=,format=btree,huffman_key=,huffman_value=,ignore_in_memory_cache_size=false,immutable=false,internal_item_max=0,internal_key_max=0,internal_key_truncate=true,internal_page_max=4KB,key_format=q,key_gap=10,leaf_item_max=0,leaf_key_max=0,leaf_page_max=32KB,leaf_value_max=64MB,log=(enabled=true),lsm=(auto_throttle=true,bloom=true,bloom_bit_count=16,bloom_config=,bloom_hash_count=8,bloom_oldest=false,chunk_count_limit=0,chunk_max=5GB,chunk_size=10MB,merge_max=15,merge_min=0),memory_page_max=10m,os_cache_dirty_max=0,os_cache_max=0,prefix_compression=false,prefix_compression_min=4,source=,split_deepen_min_child=0,split_deepen_per_child=0,split_pct=90,type=file,value_format=u",
		"type" : "file",
		"uri" : "statistics:table:collection-0--8934111563282386122",
		"LSM" : {
			"bloom filter false positives" : 0,
			"bloom filter hits" : 0,
			"bloom filter misses" : 0,
			"bloom filter pages evicted from cache" : 0,
			"bloom filter pages read into cache" : 0,
			"bloom filters in the LSM tree" : 0,
			"chunks in the LSM tree" : 0,
			"highest merge generation in the LSM tree" : 0,
			"queries that could have benefited from a Bloom filter that did not exist" : 0,
			"sleep for LSM checkpoint throttle" : 0,
			"sleep for LSM merge throttle" : 0,
			"total size of bloom filters" : 0
		},
		"block-manager" : {
			"allocations requiring file extension" : 3,
			"blocks allocated" : 3,
			"blocks freed" : 0,
			"checkpoint size" : 4096,
			"file allocation unit size" : 4096,
			"file bytes available for reuse" : 0,
			"file magic number" : 120897,
			"file major version number" : 1,
			"file size in bytes" : 16384,
			"minor version number" : 0
		},
		"btree" : {
			"btree checkpoint generation" : 10,
			"column-store fixed-size leaf pages" : 0,
			"column-store internal pages" : 0,
			"column-store variable-size RLE encoded values" : 0,
			"column-store variable-size deleted values" : 0,
			"column-store variable-size leaf pages" : 0,
			"fixed-record size" : 0,
			"maximum internal page key size" : 368,
			"maximum internal page size" : 4096,
			"maximum leaf page key size" : 2867,
			"maximum leaf page size" : 32768,
			"maximum leaf page value size" : 67108864,
			"maximum tree depth" : 3,
			"number of key/value pairs" : 0,
			"overflow pages" : 0,
			"pages rewritten by compaction" : 0,
			"row-store internal pages" : 0,
			"row-store leaf pages" : 0
		},
		"cache" : {
			"bytes currently in the cache" : 918,
			"bytes read into cache" : 0,
			"bytes written from cache" : 169,
			"checkpoint blocked page eviction" : 0,
			"data source pages selected for eviction unable to be evicted" : 0,
			"hazard pointer blocked page eviction" : 0,
			"in-memory page passed criteria to be split" : 0,
			"in-memory page splits" : 0,
			"internal pages evicted" : 0,
			"internal pages split during eviction" : 0,
			"leaf pages split during eviction" : 0,
			"modified pages evicted" : 0,
			"overflow pages read into cache" : 0,
			"overflow values cached in memory" : 0,
			"page split during eviction deepened the tree" : 0,
			"page written requiring lookaside records" : 0,
			"pages read into cache" : 0,
			"pages read into cache requiring lookaside entries" : 0,
			"pages requested from the cache" : 1,
			"pages written from cache" : 2,
			"pages written requiring in-memory restoration" : 0,
			"tracked dirty bytes in the cache" : 0,
			"unmodified pages evicted" : 0
		},
		"cache_walk" : {
			"Average difference between current eviction generation when the page was last considered" : 0,
			"Average on-disk page image size seen" : 0,
			"Clean pages currently in cache" : 0,
			"Current eviction generation" : 0,
			"Dirty pages currently in cache" : 0,
			"Entries in the root page" : 0,
			"Internal pages currently in cache" : 0,
			"Leaf pages currently in cache" : 0,
			"Maximum difference between current eviction generation when the page was last considered" : 0,
			"Maximum page size seen" : 0,
			"Minimum on-disk page image size seen" : 0,
			"On-disk page image sizes smaller than a single allocation unit" : 0,
			"Pages created in memory and never written" : 0,
			"Pages currently queued for eviction" : 0,
			"Pages that could not be queued for eviction" : 0,
			"Refs skipped during cache traversal" : 0,
			"Size of the root page" : 0,
			"Total number of pages currently in cache" : 0
		},
		"compression" : {
			"compressed pages read" : 0,
			"compressed pages written" : 0,
			"page written failed to compress" : 0,
			"page written was too small to compress" : 2,
			"raw compression call failed, additional data available" : 0,
			"raw compression call failed, no additional data available" : 0,
			"raw compression call succeeded" : 0
		},
		"cursor" : {
			"bulk-loaded cursor-insert calls" : 0,
			"create calls" : 2,
			"cursor-insert key and value bytes inserted" : 75,
			"cursor-remove key bytes removed" : 0,
			"cursor-update value bytes updated" : 0,
			"insert calls" : 1,
			"next calls" : 1,
			"prev calls" : 1,
			"remove calls" : 0,
			"reset calls" : 3,
			"restarted searches" : 0,
			"search calls" : 0,
			"search near calls" : 0,
			"truncate calls" : 0,
			"update calls" : 0
		},
		"reconciliation" : {
			"dictionary matches" : 0,
			"fast-path pages deleted" : 0,
			"internal page key bytes discarded using suffix compression" : 0,
			"internal page multi-block writes" : 0,
			"internal-page overflow keys" : 0,
			"leaf page key bytes discarded using prefix compression" : 0,
			"leaf page multi-block writes" : 0,
			"leaf-page overflow keys" : 0,
			"maximum blocks required for a page" : 0,
			"overflow values written" : 0,
			"page checksum matches" : 0,
			"page reconciliation calls" : 2,
			"page reconciliation calls for eviction" : 0,
			"pages deleted" : 0
		},
		"session" : {
			"object compaction" : 0,
			"open cursor count" : 0
		},
		"transaction" : {
			"update conflicts" : 0
		}
	},
	"nindexes" : 1,
	"totalIndexSize" : 0,
	"indexSizes" : {
		"_id_" : 0
	},
	"ok" : 1
}

** Indexes:
[
	{
		"v" : 1,
		"key" : {
			"_id" : 1
		},
		"name" : "_id_",
		"ns" : "local.me"
	}
]

** Index Stats:
{
	"waitedMS" : NumberLong(0),
	"cursor" : {
		"id" : NumberLong(0),
		"ns" : "local.me",
		"firstBatch" : [
			{
				"stats" : [
					{
						"accesses" : NumberLong(0),
						"host" : "host1.example.com:27887",
						"since" : "Wed, 18 Aug 2021 15:41:54 GMT"
					}
				],
				"key" : {
					"_id" : 1
				}
			}
		]
	},
	"ok" : 1
}

** Collection stats (MB):
{
	"ns" : "local.oplog.rs",
	"count" : 5,
	"size" : 0,
	"avgObjSize" : 109,
	"storageSize" : 0,
	"capped" : true,
	"max" : -1,
	"maxSize" : 990,
	"sleepCount" : 0,
	"sleepMS" : 0,
	"wiredTiger" : {
		"metadata" : {
			"formatVersion" : 1,
			"oplogKeyExtractionVersion" : 1
		},
		"creationString" : "access_pattern_hint=none,allocation_size=4KB,app_metadata=(formatVersion=1,oplogKeyExtractionVersion=1),block_allocation=best,block_compressor=snappy,cache_resident=false,checksum=on,colgroups=,collator=,columns=,dictionary=0,encryption=(keyid=,name=),exclusive=false,extractor=,format=btree,huffman_key=,huffman_value=,ignore_in_memory_cache_size=false,immutable=false,internal_item_max=0,internal_key_max=0,internal_key_truncate=true,internal_page_max=4KB,key_format=q,key_gap=10,leaf_item_max=0,leaf_key_max=0,leaf_page_max=32KB,leaf_value_max=64MB,log=(enabled=true),lsm=(auto_throttle=true,bloom=true,bloom_bit_count=16,bloom_config=,bloom_hash_count=8,bloom_oldest=false,chunk_count_limit=0,chunk_max=5GB,chunk_size=10MB,merge_max=15,merge_min=0),memory_page_max=10m,os_cache_dirty_max=0,os_cache_max=0,prefix_compression=false,prefix_compression_min=4,source=,split_deepen_min_child=0,split_deepen_per_child=0,split_pct=90,type=file,value_format=u",
		"type" : "file",
		"uri" : "statistics:table:collection-2--8934111563282386122",
		"LSM" : {
			"bloom filter false positives" : 0,
			"bloom filter hits" : 0,
			"bloom filter misses" : 0,
			"bloom filter pages evicted from cache" : 0,
			"bloom filter pages read into cache" : 0,
			"bloom filters in the LSM tree" : 0,
			"chunks in the LSM tree" : 0,
			"highest merge generation in the LSM tree" : 0,
			"queries that could have benefited from a Bloom filter that did not exist" : 0,
			"sleep for LSM checkpoint throttle" : 0,
			"sleep for LSM merge throttle" : 0,
			"total size of bloom filters" : 0
		},
		"block-manager" : {
			"allocations requiring file extension" : 8,
			"blocks allocated" : 11,
			"blocks freed" : 2,
			"checkpoint size" : 4096,
			"file allocation unit size" : 4096,
			"file bytes available for reuse" : 16384,
			"file magic number" : 120897,
			"file major version number" : 1,
			"file size in bytes" : 36864,
			"minor version number" : 0
		},
		"btree" : {
			"btree checkpoint generation" : 10,
			"column-store fixed-size leaf pages" : 0,
			"column-store internal pages" : 0,
			"column-store variable-size RLE encoded values" : 0,
			"column-store variable-size deleted values" : 0,
			"column-store variable-size leaf pages" : 0,
			"fixed-record size" : 0,
			"maximum internal page key size" : 368,
			"maximum internal page size" : 4096,
			"maximum leaf page key size" : 2867,
			"maximum leaf page size" : 32768,
			"maximum leaf page value size" : 67108864,
			"maximum tree depth" : 3,
			"number of key/value pairs" : 0,
			"overflow pages" : 0,
			"pages rewritten by compaction" : 0,
			"row-store internal pages" : 0,
			"row-store leaf pages" : 0
		},
		"cache" : {
			"bytes currently in the cache" : 1769,
			"bytes read into cache" : 0,
			"bytes written from cache" : 1526,
			"checkpoint blocked page eviction" : 0,
			"data source pages selected for eviction unable to be evicted" : 0,
			"hazard pointer blocked page eviction" : 0,
			"in-memory page passed criteria to be split" : 0,
			"in-memory page splits" : 0,
			"internal pages evicted" : 0,
			"internal pages split during eviction" : 0,
			"leaf pages split during eviction" : 0,
			"modified pages evicted" : 0,
			"overflow pages read into cache" : 0,
			"overflow values cached in memory" : 0,
			"page split during eviction deepened the tree" : 0,
			"page written requiring lookaside records" : 0,
			"pages read into cache" : 0,
			"pages read into cache requiring lookaside entries" : 0,
			"pages requested from the cache" : 33,
			"pages written from cache" : 6,
			"pages written requiring in-memory restoration" : 0,
			"tracked dirty bytes in the cache" : 0,
			"unmodified pages evicted" : 0
		},
		"cache_walk" : {
			"Average difference between current eviction generation when the page was last considered" : 0,
			"Average on-disk page image size seen" : 0,
			"Clean pages currently in cache" : 0,
			"Current eviction generation" : 0,
			"Dirty pages currently in cache" : 0,
			"Entries in the root page" : 0,
			"Internal pages currently in cache" : 0,
			"Leaf pages currently in cache" : 0,
			"Maximum difference between current eviction generation when the page was last considered" : 0,
			"Maximum page size seen" : 0,
			"Minimum on-disk page image size seen" : 0,
			"On-disk page image sizes smaller than a single allocation unit" : 0,
			"Pages created in memory and never written" : 0,
			"Pages currently queued for eviction" : 0,
			"Pages that could not be queued for eviction" : 0,
			"Refs skipped during cache traversal" : 0,
			"Size of the root page" : 0,
			"Total number of pages currently in cache" : 0
		},
		"compression" : {
			"compressed pages read" : 0,
			"compressed pages written" : 0,
			"page written failed to compress" : 0,
			"page written was too small to compress" : 6,
			"raw compression call failed, additional data available" : 0,
			"raw compression call failed, no additional data available" : 0,
			"raw compression call succeeded" : 0
		},
		"cursor" : {
			"bulk-loaded cursor-insert calls" : 0,
			"create calls" : 3,
			"cursor-insert key and value bytes inserted" : 590,
			"cursor-remove key bytes removed" : 0,
			"cursor-update value bytes updated" : 0,
			"insert calls" : 5,
			"next calls" : 14,
			"prev calls" : 16,
			"remove calls" : 0,
			"reset calls" : 35,
			"restarted searches" : 0,
			"search calls" : 0,
			"search near calls" : 0,
			"truncate calls" : 0,
			"update calls" : 0
		},
		"reconciliation" : {
			"dictionary matches" : 0,
			"fast-path pages deleted" : 0,
			"internal page key bytes discarded using suffix compression" : 0,
			"internal page multi-block writes" : 0,
			"internal-page overflow keys" : 0,
			"leaf page key bytes discarded using prefix compression" : 0,
			"leaf page multi-block writes" : 0,
			"leaf-page overflow keys" : 0,
			"maximum blocks required for a page" : 0,
			"overflow values written" : 0,
			"page checksum matches" : 0,
			"page reconciliation calls" : 6,
			"page reconciliation calls for eviction" : 0,
			"pages deleted" : 0
		},
		"session" : {
			"object compaction" : 0,
			"open cursor count" : 1
		},
		"transaction" : {
			"update conflicts" : 0
		}
	},
	"nindexes" : 0,
	"totalIndexSize" : 0,
	"indexSizes" : {
		
	},
	"ok" : 1
}

** Indexes:
[ ]

** Index Stats:
{
	"waitedMS" : NumberLong(0),
	"cursor" : {
		"id" : NumberLong(0),
		"ns" : "local.oplog.rs",
		"firstBatch" : [ ]
	},
	"ok" : 1
}

** Collection stats (MB):
{
	"ns" : "local.replset.election",
	"count" : 1,
	"size" : 0,
	"avgObjSize" : 60,
	"storageSize" : 0,
	"capped" : false,
	"wiredTiger" : {
		"metadata" : {
			"formatVersion" : 1
		},
		"creationString" : "access_pattern_hint=none,allocation_size=4KB,app_metadata=(formatVersion=1),block_allocation=best,block_compressor=snappy,cache_resident=false,checksum=on,colgroups=,collator=,columns=,dictionary=0,encryption=(keyid=,name=),exclusive=false,extractor=,format=btree,huffman_key=,huffman_value=,ignore_in_memory_cache_size=false,immutable=false,internal_item_max=0,internal_key_max=0,internal_key_truncate=true,internal_page_max=4KB,key_format=q,key_gap=10,leaf_item_max=0,leaf_key_max=0,leaf_page_max=32KB,leaf_value_max=64MB,log=(enabled=true),lsm=(auto_throttle=true,bloom=true,bloom_bit_count=16,bloom_config=,bloom_hash_count=8,bloom_oldest=false,chunk_count_limit=0,chunk_max=5GB,chunk_size=10MB,merge_max=15,merge_min=0),memory_page_max=10m,os_cache_dirty_max=0,os_cache_max=0,prefix_compression=false,prefix_compression_min=4,source=,split_deepen_min_child=0,split_deepen_per_child=0,split_pct=90,type=file,value_format=u",
		"type" : "file",
		"uri" : "statistics:table:collection-7--8934111563282386122",
		"LSM" : {
			"bloom filter false positives" : 0,
			"bloom filter hits" : 0,
			"bloom filter misses" : 0,
			"bloom filter pages evicted from cache" : 0,
			"bloom filter pages read into cache" : 0,
			"bloom filters in the LSM tree" : 0,
			"chunks in the LSM tree" : 0,
			"highest merge generation in the LSM tree" : 0,
			"queries that could have benefited from a Bloom filter that did not exist" : 0,
			"sleep for LSM checkpoint throttle" : 0,
			"sleep for LSM merge throttle" : 0,
			"total size of bloom filters" : 0
		},
		"block-manager" : {
			"allocations requiring file extension" : 3,
			"blocks allocated" : 3,
			"blocks freed" : 0,
			"checkpoint size" : 4096,
			"file allocation unit size" : 4096,
			"file bytes available for reuse" : 0,
			"file magic number" : 120897,
			"file major version number" : 1,
			"file size in bytes" : 16384,
			"minor version number" : 0
		},
		"btree" : {
			"btree checkpoint generation" : 10,
			"column-store fixed-size leaf pages" : 0,
			"column-store internal pages" : 0,
			"column-store variable-size RLE encoded values" : 0,
			"column-store variable-size deleted values" : 0,
			"column-store variable-size leaf pages" : 0,
			"fixed-record size" : 0,
			"maximum internal page key size" : 368,
			"maximum internal page size" : 4096,
			"maximum leaf page key size" : 2867,
			"maximum leaf page size" : 32768,
			"maximum leaf page value size" : 67108864,
			"maximum tree depth" : 3,
			"number of key/value pairs" : 0,
			"overflow pages" : 0,
			"pages rewritten by compaction" : 0,
			"row-store internal pages" : 0,
			"row-store leaf pages" : 0
		},
		"cache" : {
			"bytes currently in the cache" : 918,
			"bytes read into cache" : 0,
			"bytes written from cache" : 154,
			"checkpoint blocked page eviction" : 0,
			"data source pages selected for eviction unable to be evicted" : 0,
			"hazard pointer blocked page eviction" : 0,
			"in-memory page passed criteria to be split" : 0,
			"in-memory page splits" : 0,
			"internal pages evicted" : 0,
			"internal pages split during eviction" : 0,
			"leaf pages split during eviction" : 0,
			"modified pages evicted" : 0,
			"overflow pages read into cache" : 0,
			"overflow values cached in memory" : 0,
			"page split during eviction deepened the tree" : 0,
			"page written requiring lookaside records" : 0,
			"pages read into cache" : 0,
			"pages read into cache requiring lookaside entries" : 0,
			"pages requested from the cache" : 1,
			"pages written from cache" : 2,
			"pages written requiring in-memory restoration" : 0,
			"tracked dirty bytes in the cache" : 0,
			"unmodified pages evicted" : 0
		},
		"cache_walk" : {
			"Average difference between current eviction generation when the page was last considered" : 0,
			"Average on-disk page image size seen" : 0,
			"Clean pages currently in cache" : 0,
			"Current eviction generation" : 0,
			"Dirty pages currently in cache" : 0,
			"Entries in the root page" : 0,
			"Internal pages currently in cache" : 0,
			"Leaf pages currently in cache" : 0,
			"Maximum difference between current eviction generation when the page was last considered" : 0,
			"Maximum page size seen" : 0,
			"Minimum on-disk page image size seen" : 0,
			"On-disk page image sizes smaller than a single allocation unit" : 0,
			"Pages created in memory and never written" : 0,
			"Pages currently queued for eviction" : 0,
			"Pages that could not be queued for eviction" : 0,
			"Refs skipped during cache traversal" : 0,
			"Size of the root page" : 0,
			"Total number of pages currently in cache" : 0
		},
		"compression" : {
			"compressed pages read" : 0,
			"compressed pages written" : 0,
			"page written failed to compress" : 0,
			"page written was too small to compress" : 2,
			"raw compression call failed, additional data available" : 0,
			"raw compression call failed, no additional data available" : 0,
			"raw compression call succeeded" : 0
		},
		"cursor" : {
			"bulk-loaded cursor-insert calls" : 0,
			"create calls" : 2,
			"cursor-insert key and value bytes inserted" : 61,
			"cursor-remove key bytes removed" : 0,
			"cursor-update value bytes updated" : 0,
			"insert calls" : 1,
			"next calls" : 1,
			"prev calls" : 1,
			"remove calls" : 0,
			"reset calls" : 3,
			"restarted searches" : 0,
			"search calls" : 0,
			"search near calls" : 0,
			"truncate calls" : 0,
			"update calls" : 0
		},
		"reconciliation" : {
			"dictionary matches" : 0,
			"fast-path pages deleted" : 0,
			"internal page key bytes discarded using suffix compression" : 0,
			"internal page multi-block writes" : 0,
			"internal-page overflow keys" : 0,
			"leaf page key bytes discarded using prefix compression" : 0,
			"leaf page multi-block writes" : 0,
			"leaf-page overflow keys" : 0,
			"maximum blocks required for a page" : 0,
			"overflow values written" : 0,
			"page checksum matches" : 0,
			"page reconciliation calls" : 2,
			"page reconciliation calls for eviction" : 0,
			"pages deleted" : 0
		},
		"session" : {
			"object compaction" : 0,
			"open cursor count" : 0
		},
		"transaction" : {
			"update conflicts" : 0
		}
	},
	"nindexes" : 1,
	"totalIndexSize" : 0,
	"indexSizes" : {
		"_id_" : 0
	},
	"ok" : 1
}

** Indexes:
[
	{
		"v" : 1,
		"key" : {
			"_id" : 1
		},
		"name" : "_id_",
		"ns" : "local.replset.election"
	}
]

** Index Stats:
{
	"waitedMS" : NumberLong(0),
	"cursor" : {
		"id" : NumberLong(0),
		"ns" : "local.replset.election",
		"firstBatch" : [
			{
				"stats" : [
					{
						"accesses" : NumberLong(0),
						"host" : "host1.example.com:27887",
						"since" : "Wed, 18 Aug 2021 15:43:20 GMT"
					}
				],
				"key" : {
					"_id" : 1
				}
			}
		]
	},
	"ok" : 1
}

** Collection stats (MB):
{
	"ns" : "local.replset.minvalid",
	"count" : 1,
	"size" : 0,
	"avgObjSize" : 45,
	"storageSize" : 0,
	"capped" : false,
	"wiredTiger" : {
		"metadata" : {
			"formatVersion" : 1
		},
		"creationString" : "access_pattern_hint=none,allocation_size=4KB,app_metadata=(formatVersion=1),block_allocation=best,block_compressor=snappy,cache_resident=false,checksum=on,colgroups=,collator=,columns=,dictionary=0,encryption=(keyid=,name=),exclusive=false,extractor=,format=btree,huffman_key=,huffman_value=,ignore_in_memory_cache_size=false,immutable=false,internal_item_max=0,internal_key_max=0,internal_key_truncate=true,internal_page_max=4KB,key_format=q,key_gap=10,leaf_item_max=0,leaf_key_max=0,leaf_page_max=32KB,leaf_value_max=64MB,log=(enabled=true),lsm=(auto_throttle=true,bloom=true,bloom_bit_count=16,bloom_config=,bloom_hash_count=8,bloom_oldest=false,chunk_count_limit=0,chunk_max=5GB,chunk_size=10MB,merge_max=15,merge_min=0),memory_page_max=10m,os_cache_dirty_max=0,os_cache_max=0,prefix_compression=false,prefix_compression_min=4,source=,split_deepen_min_child=0,split_deepen_per_child=0,split_pct=90,type=file,value_format=u",
		"type" : "file",
		"uri" : "statistics:table:collection-5--8934111563282386122",
		"LSM" : {
			"bloom filter false positives" : 0,
			"bloom filter hits" : 0,
			"bloom filter misses" : 0,
			"bloom filter pages evicted from cache" : 0,
			"bloom filter pages read into cache" : 0,
			"bloom filters in the LSM tree" : 0,
			"chunks in the LSM tree" : 0,
			"highest merge generation in the LSM tree" : 0,
			"queries that could have benefited from a Bloom filter that did not exist" : 0,
			"sleep for LSM checkpoint throttle" : 0,
			"sleep for LSM merge throttle" : 0,
			"total size of bloom filters" : 0
		},
		"block-manager" : {
			"allocations requiring file extension" : 3,
			"blocks allocated" : 3,
			"blocks freed" : 0,
			"checkpoint size" : 4096,
			"file allocation unit size" : 4096,
			"file bytes available for reuse" : 0,
			"file magic number" : 120897,
			"file major version number" : 1,
			"file size in bytes" : 16384,
			"minor version number" : 0
		},
		"btree" : {
			"btree checkpoint generation" : 10,
			"column-store fixed-size leaf pages" : 0,
			"column-store internal pages" : 0,
			"column-store variable-size RLE encoded values" : 0,
			"column-store variable-size deleted values" : 0,
			"column-store variable-size leaf pages" : 0,
			"fixed-record size" : 0,
			"maximum internal page key size" : 368,
			"maximum internal page size" : 4096,
			"maximum leaf page key size" : 2867,
			"maximum leaf page size" : 32768,
			"maximum leaf page value size" : 67108864,
			"maximum tree depth" : 3,
			"number of key/value pairs" : 0,
			"overflow pages" : 0,
			"pages rewritten by compaction" : 0,
			"row-store internal pages" : 0,
			"row-store leaf pages" : 0
		},
		"cache" : {
			"bytes currently in the cache" : 918,
			"bytes read into cache" : 0,
			"bytes written from cache" : 139,
			"checkpoint blocked page eviction" : 0,
			"data source pages selected for eviction unable to be evicted" : 0,
			"hazard pointer blocked page eviction" : 0,
			"in-memory page passed criteria to be split" : 0,
			"in-memory page splits" : 0,
			"internal pages evicted" : 0,
			"internal pages split during eviction" : 0,
			"leaf pages split during eviction" : 0,
			"modified pages evicted" : 0,
			"overflow pages read into cache" : 0,
			"overflow values cached in memory" : 0,
			"page split during eviction deepened the tree" : 0,
			"page written requiring lookaside records" : 0,
			"pages read into cache" : 0,
			"pages read into cache requiring lookaside entries" : 0,
			"pages requested from the cache" : 7,
			"pages written from cache" : 2,
			"pages written requiring in-memory restoration" : 0,
			"tracked dirty bytes in the cache" : 0,
			"unmodified pages evicted" : 0
		},
		"cache_walk" : {
			"Average difference between current eviction generation when the page was last considered" : 0,
			"Average on-disk page image size seen" : 0,
			"Clean pages currently in cache" : 0,
			"Current eviction generation" : 0,
			"Dirty pages currently in cache" : 0,
			"Entries in the root page" : 0,
			"Internal pages currently in cache" : 0,
			"Leaf pages currently in cache" : 0,
			"Maximum difference between current eviction generation when the page was last considered" : 0,
			"Maximum page size seen" : 0,
			"Minimum on-disk page image size seen" : 0,
			"On-disk page image sizes smaller than a single allocation unit" : 0,
			"Pages created in memory and never written" : 0,
			"Pages currently queued for eviction" : 0,
			"Pages that could not be queued for eviction" : 0,
			"Refs skipped during cache traversal" : 0,
			"Size of the root page" : 0,
			"Total number of pages currently in cache" : 0
		},
		"compression" : {
			"compressed pages read" : 0,
			"compressed pages written" : 0,
			"page written failed to compress" : 0,
			"page written was too small to compress" : 2,
			"raw compression call failed, additional data available" : 0,
			"raw compression call failed, no additional data available" : 0,
			"raw compression call succeeded" : 0
		},
		"cursor" : {
			"bulk-loaded cursor-insert calls" : 0,
			"create calls" : 2,
			"cursor-insert key and value bytes inserted" : 46,
			"cursor-remove key bytes removed" : 0,
			"cursor-update value bytes updated" : 0,
			"insert calls" : 1,
			"next calls" : 6,
			"prev calls" : 1,
			"remove calls" : 0,
			"reset calls" : 9,
			"restarted searches" : 0,
			"search calls" : 0,
			"search near calls" : 1,
			"truncate calls" : 0,
			"update calls" : 0
		},
		"reconciliation" : {
			"dictionary matches" : 0,
			"fast-path pages deleted" : 0,
			"internal page key bytes discarded using suffix compression" : 0,
			"internal page multi-block writes" : 0,
			"internal-page overflow keys" : 0,
			"leaf page key bytes discarded using prefix compression" : 0,
			"leaf page multi-block writes" : 0,
			"leaf-page overflow keys" : 0,
			"maximum blocks required for a page" : 0,
			"overflow values written" : 0,
			"page checksum matches" : 0,
			"page reconciliation calls" : 2,
			"page reconciliation calls for eviction" : 0,
			"pages deleted" : 0
		},
		"session" : {
			"object compaction" : 0,
			"open cursor count" : 0
		},
		"transaction" : {
			"update conflicts" : 0
		}
	},
	"nindexes" : 1,
	"totalIndexSize" : 0,
	"indexSizes" : {
		"_id_" : 0
	},
	"ok" : 1
}

** Indexes:
[
	{
		"v" : 1,
		"key" : {
			"_id" : 1
		},
		"name" : "_id_",
		"ns" : "local.replset.minvalid"
	}
]

** Index Stats:
{
	"waitedMS" : NumberLong(0),
	"cursor" : {
		"id" : NumberLong(0),
		"ns" : "local.replset.minvalid",
		"firstBatch" : [
			{
				"stats" : [
					{
						"accesses" : NumberLong(0),
						"host" : "host1.example.com:27887",
						"since" : "Wed, 18 Aug 2021 15:43:20 GMT"
					}
				],
				"key" : {
					"_id" : 1
				}
			}
		]
	},
	"ok" : 1
}

** Collection stats (MB):
{
	"ns" : "local.startup_log",
	"count" : 2,
	"size" : 0,
	"avgObjSize" : 1617,
	"storageSize" : 0,
	"capped" : true,
	"max" : -1,
	"maxSize" : 10,
	"sleepCount" : 0,
	"sleepMS" : 0,
	"wiredTiger" : {
		"metadata" : {
			"formatVersion" : 1
		},
		"creationString" : "access_pattern_hint=none,allocation_size=4KB,app_metadata=(formatVersion=1),block_allocation=best,block_compressor=snappy,cache_resident=false,checksum=on,colgroups=,collator=,columns=,dictionary=0,encryption=(keyid=,name=),exclusive=false,extractor=,format=btree,huffman_key=,huffman_value=,ignore_in_memory_cache_size=false,immutable=false,internal_item_max=0,internal_key_max=0,internal_key_truncate=true,internal_page_max=4KB,key_format=q,key_gap=10,leaf_item_max=0,leaf_key_max=0,leaf_page_max=32KB,leaf_value_max=64MB,log=(enabled=true),lsm=(auto_throttle=true,bloom=true,bloom_bit_count=16,bloom_config=,bloom_hash_count=8,bloom_oldest=false,chunk_count_limit=0,chunk_max=5GB,chunk_size=10MB,merge_max=15,merge_min=0),memory_page_max=10m,os_cache_dirty_max=0,os_cache_max=0,prefix_compression=false,prefix_compression_min=4,source=,split_deepen_min_child=0,split_deepen_per_child=0,split_pct=90,type=file,value_format=u",
		"type" : "file",
		"uri" : "statistics:table:collection-0--7948011220576263657",
		"LSM" : {
			"bloom filter false positives" : 0,
			"bloom filter hits" : 0,
			"bloom filter misses" : 0,
			"bloom filter pages evicted from cache" : 0,
			"bloom filter pages read into cache" : 0,
			"bloom filters in the LSM tree" : 0,
			"chunks in the LSM tree" : 0,
			"highest merge generation in the LSM tree" : 0,
			"queries that could have benefited from a Bloom filter that did not exist" : 0,
			"sleep for LSM checkpoint throttle" : 0,
			"sleep for LSM merge throttle" : 0,
			"total size of bloom filters" : 0
		},
		"block-manager" : {
			"allocations requiring file extension" : 4,
			"blocks allocated" : 4,
			"blocks freed" : 1,
			"checkpoint size" : 4096,
			"file allocation unit size" : 4096,
			"file bytes available for reuse" : 12288,
			"file magic number" : 120897,
			"file major version number" : 1,
			"file size in bytes" : 32768,
			"minor version number" : 0
		},
		"btree" : {
			"btree checkpoint generation" : 10,
			"column-store fixed-size leaf pages" : 0,
			"column-store internal pages" : 0,
			"column-store variable-size RLE encoded values" : 0,
			"column-store variable-size deleted values" : 0,
			"column-store variable-size leaf pages" : 0,
			"fixed-record size" : 0,
			"maximum internal page key size" : 368,
			"maximum internal page size" : 4096,
			"maximum leaf page key size" : 2867,
			"maximum leaf page size" : 32768,
			"maximum leaf page value size" : 67108864,
			"maximum tree depth" : 3,
			"number of key/value pairs" : 0,
			"overflow pages" : 0,
			"pages rewritten by compaction" : 0,
			"row-store internal pages" : 0,
			"row-store leaf pages" : 0
		},
		"cache" : {
			"bytes currently in the cache" : 4457,
			"bytes read into cache" : 1662,
			"bytes written from cache" : 3336,
			"checkpoint blocked page eviction" : 0,
			"data source pages selected for eviction unable to be evicted" : 0,
			"hazard pointer blocked page eviction" : 0,
			"in-memory page passed criteria to be split" : 0,
			"in-memory page splits" : 0,
			"internal pages evicted" : 0,
			"internal pages split during eviction" : 0,
			"leaf pages split during eviction" : 0,
			"modified pages evicted" : 0,
			"overflow pages read into cache" : 0,
			"overflow values cached in memory" : 0,
			"page split during eviction deepened the tree" : 0,
			"page written requiring lookaside records" : 0,
			"pages read into cache" : 2,
			"pages read into cache requiring lookaside entries" : 0,
			"pages requested from the cache" : 3,
			"pages written from cache" : 2,
			"pages written requiring in-memory restoration" : 0,
			"tracked dirty bytes in the cache" : 0,
			"unmodified pages evicted" : 0
		},
		"cache_walk" : {
			"Average difference between current eviction generation when the page was last considered" : 0,
			"Average on-disk page image size seen" : 0,
			"Clean pages currently in cache" : 0,
			"Current eviction generation" : 0,
			"Dirty pages currently in cache" : 0,
			"Entries in the root page" : 0,
			"Internal pages currently in cache" : 0,
			"Leaf pages currently in cache" : 0,
			"Maximum difference between current eviction generation when the page was last considered" : 0,
			"Maximum page size seen" : 0,
			"Minimum on-disk page image size seen" : 0,
			"On-disk page image sizes smaller than a single allocation unit" : 0,
			"Pages created in memory and never written" : 0,
			"Pages currently queued for eviction" : 0,
			"Pages that could not be queued for eviction" : 0,
			"Refs skipped during cache traversal" : 0,
			"Size of the root page" : 0,
			"Total number of pages currently in cache" : 0
		},
		"compression" : {
			"compressed pages read" : 0,
			"compressed pages written" : 0,
			"page written failed to compress" : 0,
			"page written was too small to compress" : 2,
			"raw compression call failed, additional data available" : 0,
			"raw compression call failed, no additional data available" : 0,
			"raw compression call succeeded" : 0
		},
		"cursor" : {
			"bulk-loaded cursor-insert calls" : 0,
			"create calls" : 1,
			"cursor-insert key and value bytes inserted" : 1670,
			"cursor-remove key bytes removed" : 0,
			"cursor-update value bytes updated" : 0,
			"insert calls" : 1,
			"next calls" : 0,
			"prev calls" : 2,
			"remove calls" : 0,
			"reset calls" : 3,
			"restarted searches" : 0,
			"search calls" : 0,
			"search near calls" : 0,
			"truncate calls" : 0,
			"update calls" : 0
		},
		"reconciliation" : {
			"dictionary matches" : 0,
			"fast-path pages deleted" : 0,
			"internal page key bytes discarded using suffix compression" : 0,
			"internal page multi-block writes" : 0,
			"internal-page overflow keys" : 0,
			"leaf page key bytes discarded using prefix compression" : 0,
			"leaf page multi-block writes" : 0,
			"leaf-page overflow keys" : 0,
			"maximum blocks required for a page" : 0,
			"overflow values written" : 0,
			"page checksum matches" : 0,
			"page reconciliation calls" : 2,
			"page reconciliation calls for eviction" : 0,
			"pages deleted" : 0
		},
		"session" : {
			"object compaction" : 0,
			"open cursor count" : 0
		},
		"transaction" : {
			"update conflicts" : 0
		}
	},
	"nindexes" : 1,
	"totalIndexSize" : 0,
	"indexSizes" : {
		"_id_" : 0
	},
	"ok" : 1
}

** Indexes:
[
	{
		"v" : 1,
		"key" : {
			"_id" : 1
		},
		"name" : "_id_",
		"ns" : "local.startup_log"
	}
]

** Index Stats:
{
	"waitedMS" : NumberLong(0),
	"cursor" : {
		"id" : NumberLong(0),
		"ns" : "local.startup_log",
		"firstBatch" : [
			{
				"stats" : [
					{
						"accesses" : NumberLong(0),
						"host" : "host1.example.com:27887",
						"since" : "Wed, 18 Aug 2021 15:41:54 GMT"
					}
				],
				"key" : {
					"_id" : 1
				}
			}
		]
	},
	"ok" : 1
}

** Collection stats (MB):
{
	"ns" : "local.system.replset",
	"count" : 1,
	"size" : 0,
	"avgObjSize" : 458,
	"storageSize" : 0,
	"capped" : false,
	"wiredTiger" : {
		"metadata" : {
			"formatVersion" : 1
		},
		"creationString" : "access_pattern_hint=none,allocation_size=4KB,app_metadata=(formatVersion=1),block_allocation=best,block_compressor=snappy,cache_resident=false,checksum=on,colgroups=,collator=,columns=,dictionary=0,encryption=(keyid=,name=),exclusive=false,extractor=,format=btree,huffman_key=,huffman_value=,ignore_in_memory_cache_size=false,immutable=false,internal_item_max=0,internal_key_max=0,internal_key_truncate=true,internal_page_max=4KB,key_format=q,key_gap=10,leaf_item_max=0,leaf_key_max=0,leaf_page_max=32KB,leaf_value_max=64MB,log=(enabled=true),lsm=(auto_throttle=true,bloom=true,bloom_bit_count=16,bloom_config=,bloom_hash_count=8,bloom_oldest=false,chunk_count_limit=0,chunk_max=5GB,chunk_size=10MB,merge_max=15,merge_min=0),memory_page_max=10m,os_cache_dirty_max=0,os_cache_max=0,prefix_compression=false,prefix_compression_min=4,source=,split_deepen_min_child=0,split_deepen_per_child=0,split_pct=90,type=file,value_format=u",
		"type" : "file",
		"uri" : "statistics:table:collection-3--8934111563282386122",
		"LSM" : {
			"bloom filter false positives" : 0,
			"bloom filter hits" : 0,
			"bloom filter misses" : 0,
			"bloom filter pages evicted from cache" : 0,
			"bloom filter pages read into cache" : 0,
			"bloom filters in the LSM tree" : 0,
			"chunks in the LSM tree" : 0,
			"highest merge generation in the LSM tree" : 0,
			"queries that could have benefited from a Bloom filter that did not exist" : 0,
			"sleep for LSM checkpoint throttle" : 0,
			"sleep for LSM merge throttle" : 0,
			"total size of bloom filters" : 0
		},
		"block-manager" : {
			"allocations requiring file extension" : 3,
			"blocks allocated" : 3,
			"blocks freed" : 0,
			"checkpoint size" : 4096,
			"file allocation unit size" : 4096,
			"file bytes available for reuse" : 0,
			"file magic number" : 120897,
			"file major version number" : 1,
			"file size in bytes" : 16384,
			"minor version number" : 0
		},
		"btree" : {
			"btree checkpoint generation" : 10,
			"column-store fixed-size leaf pages" : 0,
			"column-store internal pages" : 0,
			"column-store variable-size RLE encoded values" : 0,
			"column-store variable-size deleted values" : 0,
			"column-store variable-size leaf pages" : 0,
			"fixed-record size" : 0,
			"maximum internal page key size" : 368,
			"maximum internal page size" : 4096,
			"maximum leaf page key size" : 2867,
			"maximum leaf page size" : 32768,
			"maximum leaf page value size" : 67108864,
			"maximum tree depth" : 3,
			"number of key/value pairs" : 0,
			"overflow pages" : 0,
			"pages rewritten by compaction" : 0,
			"row-store internal pages" : 0,
			"row-store leaf pages" : 0
		},
		"cache" : {
			"bytes currently in the cache" : 1332,
			"bytes read into cache" : 0,
			"bytes written from cache" : 554,
			"checkpoint blocked page eviction" : 0,
			"data source pages selected for eviction unable to be evicted" : 0,
			"hazard pointer blocked page eviction" : 0,
			"in-memory page passed criteria to be split" : 0,
			"in-memory page splits" : 0,
			"internal pages evicted" : 0,
			"internal pages split during eviction" : 0,
			"leaf pages split during eviction" : 0,
			"modified pages evicted" : 0,
			"overflow pages read into cache" : 0,
			"overflow values cached in memory" : 0,
			"page split during eviction deepened the tree" : 0,
			"page written requiring lookaside records" : 0,
			"pages read into cache" : 0,
			"pages read into cache requiring lookaside entries" : 0,
			"pages requested from the cache" : 1,
			"pages written from cache" : 2,
			"pages written requiring in-memory restoration" : 0,
			"tracked dirty bytes in the cache" : 0,
			"unmodified pages evicted" : 0
		},
		"cache_walk" : {
			"Average difference between current eviction generation when the page was last considered" : 0,
			"Average on-disk page image size seen" : 0,
			"Clean pages currently in cache" : 0,
			"Current eviction generation" : 0,
			"Dirty pages currently in cache" : 0,
			"Entries in the root page" : 0,
			"Internal pages currently in cache" : 0,
			"Leaf pages currently in cache" : 0,
			"Maximum difference between current eviction generation when the page was last considered" : 0,
			"Maximum page size seen" : 0,
			"Minimum on-disk page image size seen" : 0,
			"On-disk page image sizes smaller than a single allocation unit" : 0,
			"Pages created in memory and never written" : 0,
			"Pages currently queued for eviction" : 0,
			"Pages that could not be queued for eviction" : 0,
			"Refs skipped during cache traversal" : 0,
			"Size of the root page" : 0,
			"Total number of pages currently in cache" : 0
		},
		"compression" : {
			"compressed pages read" : 0,
			"compressed pages written" : 0,
			"page written failed to compress" : 0,
			"page written was too small to compress" : 2,
			"raw compression call failed, additional data available" : 0,
			"raw compression call failed, no additional data available" : 0,
			"raw compression call succeeded" : 0
		},
		"cursor" : {
			"bulk-loaded cursor-insert calls" : 0,
			"create calls" : 2,
			"cursor-insert key and value bytes inserted" : 459,
			"cursor-remove key bytes removed" : 0,
			"cursor-update value bytes updated" : 0,
			"insert calls" : 1,
			"next calls" : 1,
			"prev calls" : 1,
			"remove calls" : 0,
			"reset calls" : 3,
			"restarted searches" : 0,
			"search calls" : 0,
			"search near calls" : 0,
			"truncate calls" : 0,
			"update calls" : 0
		},
		"reconciliation" : {
			"dictionary matches" : 0,
			"fast-path pages deleted" : 0,
			"internal page key bytes discarded using suffix compression" : 0,
			"internal page multi-block writes" : 0,
			"internal-page overflow keys" : 0,
			"leaf page key bytes discarded using prefix compression" : 0,
			"leaf page multi-block writes" : 0,
			"leaf-page overflow keys" : 0,
			"maximum blocks required for a page" : 0,
			"overflow values written" : 0,
			"page checksum matches" : 0,
			"page reconciliation calls" : 2,
			"page reconciliation calls for eviction" : 0,
			"pages deleted" : 0
		},
		"session" : {
			"object compaction" : 0,
			"open cursor count" : 0
		},
		"transaction" : {
			"update conflicts" : 0
		}
	},
	"nindexes" : 1,
	"totalIndexSize" : 0,
	"indexSizes" : {
		"_id_" : 0
	},
	"ok" : 1
}

** Indexes:
[
	{
		"v" : 1,
		"key" : {
			"_id" : 1
		},
		"name" : "_id_",
		"ns" : "local.system.replset"
	}
]

** Index Stats:
{
	"ok" : 0,
	"errmsg" : "not authorized on local to execute command { aggregate: \"system.replset\", pipeline: [ { $indexStats: {} }, { $group: { _id: \"$key\", stats: { $push: { accesses: \"$accesses.ops\", host: \"$host\", since: \"$accesses.since\" } } } }, { $project: { key: \"$_id\", stats: 1.0, _id: 0.0 } } ], cursor: {} }",
	"code" : 13
}

** List of collections for database 'my-db':
[ "my-coll" ]

** Database stats (MB):
{
	"db" : "my-db",
	"collections" : 1,
	"objects" : 1,
	"avgObjSize" : 31,
	"dataSize" : 0.00002956390380859375,
	"storageSize" : 0.015625,
	"numExtents" : 0,
	"indexes" : 2,
	"indexSize" : 0.03125,
	"ok" : 1
}

** Database profiler:
{ "was" : 0, "slowms" : 100 }

** Collection stats (MB):
{
	"ns" : "my-db.my-coll",
	"count" : 1,
	"size" : 0,
	"avgObjSize" : 31,
	"storageSize" : 0,
	"capped" : false,
	"wiredTiger" : {
		"metadata" : {
			"formatVersion" : 1
		},
		"creationString" : "access_pattern_hint=none,allocation_size=4KB,app_metadata=(formatVersion=1),block_allocation=best,block_compressor=snappy,cache_resident=false,checksum=on,colgroups=,collator=,columns=,dictionary=0,encryption=(keyid=,name=),exclusive=false,extractor=,format=btree,huffman_key=,huffman_value=,ignore_in_memory_cache_size=false,immutable=false,internal_item_max=0,internal_key_max=0,internal_key_truncate=true,internal_page_max=4KB,key_format=q,key_gap=10,leaf_item_max=0,leaf_key_max=0,leaf_page_max=32KB,leaf_value_max=64MB,log=(enabled=true),lsm=(auto_throttle=true,bloom=true,bloom_bit_count=16,bloom_config=,bloom_hash_count=8,bloom_oldest=false,chunk_count_limit=0,chunk_max=5GB,chunk_size=10MB,merge_max=15,merge_min=0),memory_page_max=10m,os_cache_dirty_max=0,os_cache_max=0,prefix_compression=false,prefix_compression_min=4,source=,split_deepen_min_child=0,split_deepen_per_child=0,split_pct=90,type=file,value_format=u",
		"type" : "file",
		"uri" : "statistics:table:collection-9--8934111563282386122",
		"LSM" : {
			"bloom filter false positives" : 0,
			"bloom filter hits" : 0,
			"bloom filter misses" : 0,
			"bloom filter pages evicted from cache" : 0,
			"bloom filter pages read into cache" : 0,
			"bloom filters in the LSM tree" : 0,
			"chunks in the LSM tree" : 0,
			"highest merge generation in the LSM tree" : 0,
			"queries that could have benefited from a Bloom filter that did not exist" : 0,
			"sleep for LSM checkpoint throttle" : 0,
			"sleep for LSM merge throttle" : 0,
			"total size of bloom filters" : 0
		},
		"block-manager" : {
			"allocations requiring file extension" : 3,
			"blocks allocated" : 3,
			"blocks freed" : 0,
			"checkpoint size" : 4096,
			"file allocation unit size" : 4096,
			"file bytes available for reuse" : 0,
			"file magic number" : 120897,
			"file major version number" : 1,
			"file size in bytes" : 16384,
			"minor version number" : 0
		},
		"btree" : {
			"btree checkpoint generation" : 10,
			"column-store fixed-size leaf pages" : 0,
			"column-store internal pages" : 0,
			"column-store variable-size RLE encoded values" : 0,
			"column-store variable-size deleted values" : 0,
			"column-store variable-size leaf pages" : 0,
			"fixed-record size" : 0,
			"maximum internal page key size" : 368,
			"maximum internal page size" : 4096,
			"maximum leaf page key size" : 2867,
			"maximum leaf page size" : 32768,
			"maximum leaf page value size" : 67108864,
			"maximum tree depth" : 3,
			"number of key/value pairs" : 0,
			"overflow pages" : 0,
			"pages rewritten by compaction" : 0,
			"row-store internal pages" : 0,
			"row-store leaf pages" : 0
		},
		"cache" : {
			"bytes currently in the cache" : 883,
			"bytes read into cache" : 0,
			"bytes written from cache" : 125,
			"checkpoint blocked page eviction" : 0,
			"data source pages selected for eviction unable to be evicted" : 0,
			"hazard pointer blocked page eviction" : 0,
			"in-memory page passed criteria to be split" : 0,
			"in-memory page splits" : 0,
			"internal pages evicted" : 0,
			"internal pages split during eviction" : 0,
			"leaf pages split during eviction" : 0,
			"modified pages evicted" : 0,
			"overflow pages read into cache" : 0,
			"overflow values cached in memory" : 0,
			"page split during eviction deepened the tree" : 0,
			"page written requiring lookaside records" : 0,
			"pages read into cache" : 0,
			"pages read into cache requiring lookaside entries" : 0,
			"pages requested from the cache" : 3,
			"pages written from cache" : 2,
			"pages written requiring in-memory restoration" : 0,
			"tracked dirty bytes in the cache" : 0,
			"unmodified pages evicted" : 0
		},
		"cache_walk" : {
			"Average difference between current eviction generation when the page was last considered" : 0,
			"Average on-disk page image size seen" : 0,
			"Clean pages currently in cache" : 0,
			"Current eviction generation" : 0,
			"Dirty pages currently in cache" : 0,
			"Entries in the root page" : 0,
			"Internal pages currently in cache" : 0,
			"Leaf pages currently in cache" : 0,
			"Maximum difference between current eviction generation when the page was last considered" : 0,
			"Maximum page size seen" : 0,
			"Minimum on-disk page image size seen" : 0,
			"On-disk page image sizes smaller than a single allocation unit" : 0,
			"Pages created in memory and never written" : 0,
			"Pages currently queued for eviction" : 0,
			"Pages that could not be queued for eviction" : 0,
			"Refs skipped during cache traversal" : 0,
			"Size of the root page" : 0,
			"Total number of pages currently in cache" : 0
		},
		"compression" : {
			"compressed pages read" : 0,
			"compressed pages written" : 0,
			"page written failed to compress" : 0,
			"page written was too small to compress" : 2,
			"raw compression call failed, additional data available" : 0,
			"raw compression call failed, no additional data available" : 0,
			"raw compression call succeeded" : 0
		},
		"cursor" : {
			"bulk-loaded cursor-insert calls" : 0,
			"create calls" : 1,
			"cursor-insert key and value bytes inserted" : 32,
			"cursor-remove key bytes removed" : 0,
			"cursor-update value bytes updated" : 0,
			"insert calls" : 1,
			"next calls" : 4,
			"prev calls" : 1,
			"remove calls" : 0,
			"reset calls" : 4,
			"restarted searches" : 0,
			"search calls" : 0,
			"search near calls" : 0,
			"truncate calls" : 0,
			"update calls" : 0
		},
		"reconciliation" : {
			"dictionary matches" : 0,
			"fast-path pages deleted" : 0,
			"internal page key bytes discarded using suffix compression" : 0,
			"internal page multi-block writes" : 0,
			"internal-page overflow keys" : 0,
			"leaf page key bytes discarded using prefix compression" : 0,
			"leaf page multi-block writes" : 0,
			"leaf-page overflow keys" : 0,
			"maximum blocks required for a page" : 0,
			"overflow values written" : 0,
			"page checksum matches" : 0,
			"page reconciliation calls" : 2,
			"page reconciliation calls for eviction" : 0,
			"pages deleted" : 0
		},
		"session" : {
			"object compaction" : 0,
			"open cursor count" : 0
		},
		"transaction" : {
			"update conflicts" : 0
		}
	},
	"nindexes" : 2,
	"totalIndexSize" : 0,
	"indexSizes" : {
		"_id_" : 0,
		"a_1" : 0
	},
	"ok" : 1
}

** Indexes:
[
	{
		"v" : 1,
		"key" : {
			"_id" : 1
		},
		"name" : "_id_",
		"ns" : "my-db.my-coll"
	},
	{
		"v" : 1,
		"key" : {
			"a" : 1
		},
		"name" : "a_1",
		"ns" : "my-db.my-coll"
	}
]

** Index Stats:
{
	"waitedMS" : NumberLong(0),
	"cursor" : {
		"id" : NumberLong(0),
		"ns" : "my-db.my-coll",
		"firstBatch" : [
			{
				"stats" : [
					{
						"accesses" : NumberLong(0),
						"host" : "host1.example.com:27887",
						"since" : "Wed, 18 Aug 2021 15:43:58 GMT"
					}
				],
				"key" : {
					"_id" : 1
				}
			},
			{
				"stats" : [
					{
						"accesses" : NumberLong(1),
						"host" : "host1.example.com:27887",
						"since" : "Wed, 18 Aug 2021 15:53:11 GMT"
					}
				],
				"key" : {
					"a" : 1
				}
			}
		]
	},
	"ok" : 1
}

** Queryable Encryption Info:
[
	{
		"namespace" : "qe_db.qe_coll",
		"escCollectionInfo" : {
			"namespace" : "qe_db.enxcol_.qe_coll.esc",
			"exists" : true,
			"isClusteredCollection" : true,
			"documentCount" : 1,
			"anchorCount" : 1,
			"nonAnchorCount" : 0
		},
		"ecocCollectionInfo" : {
			"namespace" : "qe_db.enxcol_.qe_coll.ecoc",
			"exists" : true,
			"isClusteredCollection" : true,
			"documentCount" : 0,
			"compactTempCollectionExists" : false
		},
		"safeContentInfo" : {
			"safeContentIndexed" : true,
			"indexedEncryptedDocumentsWithMissingSafeContentTags" : 0
		},
		"fields" : [
			{
				"keyId" : UUID("c2e3becb-43c6-4b82-a380-8c47710f4476"),
				"path" : "foobar",
				"bsonType" : "string",
				"queries" : [
					{
						"queryType" : "equality",
						"contention" : NumberLong(8)
					}
				]
			}
		]
	}
]